0 verbose cli C:\Program Files\nodejs\node.exe C:\Program Files\nodejs\node_modules\npm\bin\npm-cli.js
1 info using npm@10.9.3
2 info using node@v22.18.0
3 silly config load:file:C:\Program Files\nodejs\node_modules\npm\npmrc
4 silly config load:file:C:\Users\d9955\Desktop\webappKarmaSystem\WebKarmaApp\.npmrc
5 silly config load:file:C:\Users\d9955\.npmrc
6 silly config load:file:C:\Users\d9955\AppData\Roaming\npm\etc\npmrc
7 verbose title npm install
8 verbose argv "install"
9 verbose logfile logs-max:10 dir:C:\Users\d9955\Desktop\webappKarmaSystem\WebKarmaApp\.npm-cache\_logs\2025-08-24T16_44_25_407Z-
10 verbose logfile C:\Users\d9955\Desktop\webappKarmaSystem\WebKarmaApp\.npm-cache\_logs\2025-08-24T16_44_25_407Z-debug-0.log
11 silly logfile done cleaning log files
12 silly packumentCache heap:4345298944 maxSize:1086324736 maxEntrySize:543162368
13 silly idealTree buildDeps
14 silly fetch manifest express@^4.19.2
15 silly packumentCache full:https://registry.npmjs.org/express cache-miss
16 http fetch GET 200 https://registry.npmjs.org/express 233ms (cache miss)
17 silly packumentCache full:https://registry.npmjs.org/express set size:undefined disposed:false
18 silly fetch manifest path@^0.12.7
19 silly packumentCache full:https://registry.npmjs.org/path cache-miss
20 http fetch GET 200 https://registry.npmjs.org/npm 341ms
21 http fetch GET 200 https://registry.npmjs.org/path 124ms (cache miss)
22 silly packumentCache full:https://registry.npmjs.org/path set size:undefined disposed:false
23 silly fetch manifest nodemon@^3.1.0
24 silly packumentCache full:https://registry.npmjs.org/nodemon cache-miss
25 http fetch GET 200 https://registry.npmjs.org/nodemon 72ms (cache miss)
26 silly packumentCache full:https://registry.npmjs.org/nodemon set size:undefined disposed:false
27 silly placeDep ROOT express@4.21.2 OK for: karmasystem-website@1.0.0 want: ^4.19.2
28 silly placeDep ROOT nodemon@3.1.10 OK for: karmasystem-website@1.0.0 want: ^3.1.0
29 silly placeDep ROOT path@0.12.7 OK for: karmasystem-website@1.0.0 want: ^0.12.7
30 silly fetch manifest qs@6.13.0
31 silly packumentCache full:https://registry.npmjs.org/qs cache-miss
32 silly fetch manifest depd@2.0.0
33 silly packumentCache full:https://registry.npmjs.org/depd cache-miss
34 silly fetch manifest etag@~1.8.1
35 silly packumentCache full:https://registry.npmjs.org/etag cache-miss
36 silly fetch manifest send@0.19.0
37 silly packumentCache full:https://registry.npmjs.org/send cache-miss
38 silly fetch manifest vary@~1.1.2
39 silly packumentCache full:https://registry.npmjs.org/vary cache-miss
40 silly fetch manifest debug@2.6.9
41 silly packumentCache full:https://registry.npmjs.org/debug cache-miss
42 silly fetch manifest fresh@0.5.2
43 silly packumentCache full:https://registry.npmjs.org/fresh cache-miss
44 silly fetch manifest cookie@0.7.1
45 silly packumentCache full:https://registry.npmjs.org/cookie cache-miss
46 silly fetch manifest accepts@~1.3.8
47 silly packumentCache full:https://registry.npmjs.org/accepts cache-miss
48 silly fetch manifest methods@~1.1.2
49 silly packumentCache full:https://registry.npmjs.org/methods cache-miss
50 silly fetch manifest type-is@~1.6.18
51 silly packumentCache full:https://registry.npmjs.org/type-is cache-miss
52 silly fetch manifest parseurl@~1.3.3
53 silly packumentCache full:https://registry.npmjs.org/parseurl cache-miss
54 silly fetch manifest statuses@2.0.1
55 silly packumentCache full:https://registry.npmjs.org/statuses cache-miss
56 silly fetch manifest encodeurl@~2.0.0
57 silly packumentCache full:https://registry.npmjs.org/encodeurl cache-miss
58 silly fetch manifest proxy-addr@~2.0.7
59 silly packumentCache full:https://registry.npmjs.org/proxy-addr cache-miss
60 http fetch GET 200 https://registry.npmjs.org/depd 62ms (cache miss)
61 silly packumentCache full:https://registry.npmjs.org/depd set size:undefined disposed:false
62 silly fetch manifest body-parser@1.20.3
63 silly packumentCache full:https://registry.npmjs.org/body-parser cache-miss
64 http fetch GET 200 https://registry.npmjs.org/qs 97ms (cache miss)
65 silly packumentCache full:https://registry.npmjs.org/qs set size:undefined disposed:false
66 silly fetch manifest escape-html@~1.0.3
67 silly packumentCache full:https://registry.npmjs.org/escape-html cache-miss
68 http fetch GET 200 https://registry.npmjs.org/body-parser 66ms (cache miss)
69 silly packumentCache full:https://registry.npmjs.org/body-parser set size:undefined disposed:false
70 silly fetch manifest http-errors@2.0.0
71 silly packumentCache full:https://registry.npmjs.org/http-errors cache-miss
72 http fetch GET 200 https://registry.npmjs.org/escape-html 59ms (cache miss)
73 silly packumentCache full:https://registry.npmjs.org/escape-html set size:undefined disposed:false
74 silly fetch manifest on-finished@2.4.1
75 silly packumentCache full:https://registry.npmjs.org/on-finished cache-miss
76 http fetch GET 200 https://registry.npmjs.org/send 169ms (cache miss)
77 silly packumentCache full:https://registry.npmjs.org/send set size:undefined disposed:false
78 silly fetch manifest safe-buffer@5.2.1
79 silly packumentCache full:https://registry.npmjs.org/safe-buffer cache-miss
80 http fetch GET 200 https://registry.npmjs.org/methods 190ms (cache miss)
81 silly packumentCache full:https://registry.npmjs.org/methods set size:undefined disposed:false
82 silly fetch manifest utils-merge@1.0.1
83 silly packumentCache full:https://registry.npmjs.org/utils-merge cache-miss
84 http fetch GET 200 https://registry.npmjs.org/vary 194ms (cache miss)
85 silly packumentCache full:https://registry.npmjs.org/vary set size:undefined disposed:false
86 silly fetch manifest content-type@~1.0.4
87 silly packumentCache full:https://registry.npmjs.org/content-type cache-miss
88 http fetch GET 200 https://registry.npmjs.org/encodeurl 193ms (cache miss)
89 silly packumentCache full:https://registry.npmjs.org/encodeurl set size:undefined disposed:false
90 silly fetch manifest finalhandler@1.3.1
91 silly packumentCache full:https://registry.npmjs.org/finalhandler cache-miss
92 http fetch GET 200 https://registry.npmjs.org/fresh 195ms (cache miss)
93 silly packumentCache full:https://registry.npmjs.org/fresh set size:undefined disposed:false
94 silly fetch manifest range-parser@~1.2.1
95 silly packumentCache full:https://registry.npmjs.org/range-parser cache-miss
96 http fetch GET 200 https://registry.npmjs.org/accepts 198ms (cache miss)
97 silly packumentCache full:https://registry.npmjs.org/accepts set size:undefined disposed:false
98 silly fetch manifest serve-static@1.16.2
99 silly packumentCache full:https://registry.npmjs.org/serve-static cache-miss
100 http fetch GET 200 https://registry.npmjs.org/type-is 199ms (cache miss)
101 silly packumentCache full:https://registry.npmjs.org/type-is set size:undefined disposed:false
102 silly fetch manifest array-flatten@1.1.1
103 silly packumentCache full:https://registry.npmjs.org/array-flatten cache-miss
104 http fetch GET 200 https://registry.npmjs.org/proxy-addr 200ms (cache miss)
105 silly packumentCache full:https://registry.npmjs.org/proxy-addr set size:undefined disposed:false
106 silly fetch manifest path-to-regexp@0.1.12
107 silly packumentCache full:https://registry.npmjs.org/path-to-regexp cache-miss
108 http fetch GET 200 https://registry.npmjs.org/etag 204ms (cache miss)
109 silly packumentCache full:https://registry.npmjs.org/etag set size:undefined disposed:false
110 silly fetch manifest setprototypeof@1.2.0
111 silly packumentCache full:https://registry.npmjs.org/setprototypeof cache-miss
112 http fetch GET 200 https://registry.npmjs.org/parseurl 206ms (cache miss)
113 silly packumentCache full:https://registry.npmjs.org/parseurl set size:undefined disposed:false
114 silly fetch manifest cookie-signature@1.0.6
115 silly packumentCache full:https://registry.npmjs.org/cookie-signature cache-miss
116 http fetch GET 200 https://registry.npmjs.org/http-errors 78ms (cache miss)
117 silly packumentCache full:https://registry.npmjs.org/http-errors set size:undefined disposed:false
118 silly fetch manifest merge-descriptors@1.0.3
119 silly packumentCache full:https://registry.npmjs.org/merge-descriptors cache-miss
120 http fetch GET 200 https://registry.npmjs.org/cookie 210ms (cache miss)
121 silly packumentCache full:https://registry.npmjs.org/cookie set size:undefined disposed:false
122 silly fetch manifest content-disposition@0.5.4
123 silly packumentCache full:https://registry.npmjs.org/content-disposition cache-miss
124 http fetch GET 200 https://registry.npmjs.org/debug 213ms (cache miss)
125 silly packumentCache full:https://registry.npmjs.org/debug set size:undefined disposed:false
126 silly fetch manifest debug@^4
127 silly packumentCache full:https://registry.npmjs.org/debug cache-miss
128 http fetch GET 200 https://registry.npmjs.org/statuses 216ms (cache miss)
129 silly packumentCache full:https://registry.npmjs.org/statuses set size:undefined disposed:false
130 silly fetch manifest touch@^3.1.0
131 silly packumentCache full:https://registry.npmjs.org/touch cache-miss
132 http cache https://registry.npmjs.org/debug 8ms (cache hit)
133 silly packumentCache full:https://registry.npmjs.org/debug set size:193521 disposed:false
134 silly fetch manifest semver@^7.5.3
135 silly packumentCache full:https://registry.npmjs.org/semver cache-miss
136 http fetch GET 200 https://registry.npmjs.org/on-finished 69ms (cache miss)
137 silly packumentCache full:https://registry.npmjs.org/on-finished set size:undefined disposed:false
138 silly fetch manifest chokidar@^3.5.2
139 silly packumentCache full:https://registry.npmjs.org/chokidar cache-miss
140 http fetch GET 200 https://registry.npmjs.org/safe-buffer 64ms (cache miss)
141 silly packumentCache full:https://registry.npmjs.org/safe-buffer set size:undefined disposed:false
142 silly fetch manifest minimatch@^3.1.2
143 silly packumentCache full:https://registry.npmjs.org/minimatch cache-miss
144 http fetch GET 200 https://registry.npmjs.org/content-type 55ms (cache miss)
145 silly packumentCache full:https://registry.npmjs.org/content-type set size:undefined disposed:false
146 silly fetch manifest undefsafe@^2.0.5
147 silly packumentCache full:https://registry.npmjs.org/undefsafe cache-miss
148 http fetch GET 200 https://registry.npmjs.org/utils-merge 63ms (cache miss)
149 silly packumentCache full:https://registry.npmjs.org/utils-merge set size:undefined disposed:false
150 silly fetch manifest pstree.remy@^1.1.8
151 silly packumentCache full:https://registry.npmjs.org/pstree.remy cache-miss
152 http fetch GET 200 https://registry.npmjs.org/setprototypeof 60ms (cache miss)
153 silly packumentCache full:https://registry.npmjs.org/setprototypeof set size:undefined disposed:false
154 silly fetch manifest supports-color@^5.5.0
155 silly packumentCache full:https://registry.npmjs.org/supports-color cache-miss
156 http fetch GET 200 https://registry.npmjs.org/finalhandler 71ms (cache miss)
157 silly packumentCache full:https://registry.npmjs.org/finalhandler set size:undefined disposed:false
158 silly fetch manifest ignore-by-default@^1.0.1
159 silly packumentCache full:https://registry.npmjs.org/ignore-by-default cache-miss
160 http fetch GET 200 https://registry.npmjs.org/serve-static 70ms (cache miss)
161 silly packumentCache full:https://registry.npmjs.org/serve-static set size:undefined disposed:false
162 silly fetch manifest simple-update-notifier@^2.0.0
163 silly packumentCache full:https://registry.npmjs.org/simple-update-notifier cache-miss
164 http fetch GET 200 https://registry.npmjs.org/array-flatten 71ms (cache miss)
165 silly packumentCache full:https://registry.npmjs.org/array-flatten set size:undefined disposed:false
166 silly fetch manifest process@^0.11.1
167 silly packumentCache full:https://registry.npmjs.org/process cache-miss
168 http fetch GET 200 https://registry.npmjs.org/path-to-regexp 75ms (cache miss)
169 silly packumentCache full:https://registry.npmjs.org/path-to-regexp set size:undefined disposed:false
170 silly fetch manifest util@^0.10.3
171 silly packumentCache full:https://registry.npmjs.org/util cache-miss
172 http fetch GET 200 https://registry.npmjs.org/range-parser 85ms (cache miss)
173 silly packumentCache full:https://registry.npmjs.org/range-parser set size:undefined disposed:false
174 http fetch GET 200 https://registry.npmjs.org/merge-descriptors 72ms (cache miss)
175 silly packumentCache full:https://registry.npmjs.org/merge-descriptors set size:undefined disposed:false
176 http fetch GET 200 https://registry.npmjs.org/cookie-signature 73ms (cache miss)
177 silly packumentCache full:https://registry.npmjs.org/cookie-signature set size:undefined disposed:false
178 http fetch GET 200 https://registry.npmjs.org/content-disposition 70ms (cache miss)
179 silly packumentCache full:https://registry.npmjs.org/content-disposition set size:undefined disposed:false
180 http fetch GET 200 https://registry.npmjs.org/touch 68ms (cache miss)
181 silly packumentCache full:https://registry.npmjs.org/touch set size:undefined disposed:false
182 http fetch GET 200 https://registry.npmjs.org/chokidar 63ms (cache miss)
183 silly packumentCache full:https://registry.npmjs.org/chokidar set size:undefined disposed:false
184 http fetch GET 200 https://registry.npmjs.org/semver 75ms (cache miss)
185 silly packumentCache full:https://registry.npmjs.org/semver set size:undefined disposed:false
186 http fetch GET 200 https://registry.npmjs.org/undefsafe 63ms (cache miss)
187 silly packumentCache full:https://registry.npmjs.org/undefsafe set size:undefined disposed:false
188 http fetch GET 200 https://registry.npmjs.org/pstree.remy 65ms (cache miss)
189 silly packumentCache full:https://registry.npmjs.org/pstree.remy set size:undefined disposed:false
190 http fetch GET 200 https://registry.npmjs.org/supports-color 63ms (cache miss)
191 silly packumentCache full:https://registry.npmjs.org/supports-color set size:undefined disposed:false
192 http fetch GET 200 https://registry.npmjs.org/ignore-by-default 70ms (cache miss)
193 silly packumentCache full:https://registry.npmjs.org/ignore-by-default set size:undefined disposed:false
194 http fetch GET 200 https://registry.npmjs.org/minimatch 102ms (cache miss)
195 silly packumentCache full:https://registry.npmjs.org/minimatch set size:undefined disposed:false
196 http fetch GET 200 https://registry.npmjs.org/process 69ms (cache miss)
197 silly packumentCache full:https://registry.npmjs.org/process set size:undefined disposed:false
198 http fetch GET 200 https://registry.npmjs.org/simple-update-notifier 74ms (cache miss)
199 silly packumentCache full:https://registry.npmjs.org/simple-update-notifier set size:undefined disposed:false
200 http fetch GET 200 https://registry.npmjs.org/util 69ms (cache miss)
201 silly packumentCache full:https://registry.npmjs.org/util set size:undefined disposed:false
202 silly placeDep ROOT accepts@1.3.8 OK for: express@4.21.2 want: ~1.3.8
203 silly placeDep ROOT array-flatten@1.1.1 OK for: express@4.21.2 want: 1.1.1
204 silly placeDep ROOT body-parser@1.20.3 OK for: express@4.21.2 want: 1.20.3
205 silly placeDep ROOT content-disposition@0.5.4 OK for: express@4.21.2 want: 0.5.4
206 silly placeDep ROOT content-type@1.0.5 OK for: express@4.21.2 want: ~1.0.4
207 silly placeDep ROOT cookie@0.7.1 OK for: express@4.21.2 want: 0.7.1
208 silly placeDep ROOT cookie-signature@1.0.6 OK for: express@4.21.2 want: 1.0.6
209 silly placeDep ROOT debug@2.6.9 OK for: express@4.21.2 want: 2.6.9
210 silly placeDep ROOT depd@2.0.0 OK for: express@4.21.2 want: 2.0.0
211 silly placeDep ROOT encodeurl@2.0.0 OK for: express@4.21.2 want: ~2.0.0
212 silly placeDep ROOT escape-html@1.0.3 OK for: express@4.21.2 want: ~1.0.3
213 silly placeDep ROOT etag@1.8.1 OK for: express@4.21.2 want: ~1.8.1
214 silly placeDep ROOT finalhandler@1.3.1 OK for: express@4.21.2 want: 1.3.1
215 silly placeDep ROOT fresh@0.5.2 OK for: express@4.21.2 want: 0.5.2
216 silly placeDep ROOT http-errors@2.0.0 OK for: express@4.21.2 want: 2.0.0
217 silly placeDep ROOT merge-descriptors@1.0.3 OK for: express@4.21.2 want: 1.0.3
218 silly placeDep ROOT methods@1.1.2 OK for: express@4.21.2 want: ~1.1.2
219 silly placeDep ROOT on-finished@2.4.1 OK for: express@4.21.2 want: 2.4.1
220 silly placeDep ROOT parseurl@1.3.3 OK for: express@4.21.2 want: ~1.3.3
221 silly placeDep ROOT path-to-regexp@0.1.12 OK for: express@4.21.2 want: 0.1.12
222 silly placeDep ROOT proxy-addr@2.0.7 OK for: express@4.21.2 want: ~2.0.7
223 silly placeDep ROOT qs@6.13.0 OK for: express@4.21.2 want: 6.13.0
224 silly placeDep ROOT range-parser@1.2.1 OK for: express@4.21.2 want: ~1.2.1
225 silly placeDep ROOT safe-buffer@5.2.1 OK for: express@4.21.2 want: 5.2.1
226 silly placeDep ROOT send@0.19.0 OK for: express@4.21.2 want: 0.19.0
227 silly placeDep ROOT serve-static@1.16.2 OK for: express@4.21.2 want: 1.16.2
228 silly placeDep ROOT setprototypeof@1.2.0 OK for: express@4.21.2 want: 1.2.0
229 silly placeDep ROOT statuses@2.0.1 OK for: express@4.21.2 want: 2.0.1
230 silly placeDep ROOT type-is@1.6.18 OK for: express@4.21.2 want: ~1.6.18
231 silly placeDep ROOT utils-merge@1.0.1 OK for: express@4.21.2 want: 1.0.1
232 silly placeDep ROOT vary@1.1.2 OK for: express@4.21.2 want: ~1.1.2
233 silly fetch manifest mime-types@~2.1.34
234 silly packumentCache full:https://registry.npmjs.org/mime-types cache-miss
235 silly fetch manifest negotiator@0.6.3
236 silly packumentCache full:https://registry.npmjs.org/negotiator cache-miss
237 silly fetch manifest bytes@3.1.2
238 silly packumentCache full:https://registry.npmjs.org/bytes cache-miss
239 silly fetch manifest unpipe@1.0.0
240 silly packumentCache full:https://registry.npmjs.org/unpipe cache-miss
241 silly fetch manifest destroy@1.2.0
242 silly packumentCache full:https://registry.npmjs.org/destroy cache-miss
243 silly fetch manifest raw-body@2.5.2
244 silly packumentCache full:https://registry.npmjs.org/raw-body cache-miss
245 silly fetch manifest iconv-lite@0.4.24
246 silly packumentCache full:https://registry.npmjs.org/iconv-lite cache-miss
247 silly fetch manifest content-type@~1.0.5
248 silly packumentCache full:https://registry.npmjs.org/content-type cache-miss
249 silly fetch manifest ms@2.0.0
250 silly packumentCache full:https://registry.npmjs.org/ms cache-miss
251 silly fetch manifest unpipe@~1.0.0
252 silly packumentCache full:https://registry.npmjs.org/unpipe cache-miss
253 silly fetch manifest inherits@2.0.4
254 silly packumentCache full:https://registry.npmjs.org/inherits cache-miss
255 silly fetch manifest toidentifier@1.0.1
256 silly packumentCache full:https://registry.npmjs.org/toidentifier cache-miss
257 silly fetch manifest ee-first@1.1.1
258 silly packumentCache full:https://registry.npmjs.org/ee-first cache-miss
259 silly fetch manifest forwarded@0.2.0
260 silly packumentCache full:https://registry.npmjs.org/forwarded cache-miss
261 silly fetch manifest ipaddr.js@1.9.1
262 silly packumentCache full:https://registry.npmjs.org/ipaddr.js cache-miss
263 http cache https://registry.npmjs.org/content-type 9ms (cache hit)
264 silly packumentCache full:https://registry.npmjs.org/content-type set size:17311 disposed:false
265 silly fetch manifest side-channel@^1.0.6
266 silly packumentCache full:https://registry.npmjs.org/side-channel cache-miss
267 http fetch GET 200 https://registry.npmjs.org/unpipe 76ms (cache miss)
268 silly packumentCache full:https://registry.npmjs.org/unpipe set size:undefined disposed:false
269 silly fetch manifest ms@2.1.3
270 silly packumentCache full:https://registry.npmjs.org/ms cache-miss
271 http fetch GET 200 https://registry.npmjs.org/inherits 76ms (cache miss)
272 silly packumentCache full:https://registry.npmjs.org/inherits set size:undefined disposed:false
273 silly fetch manifest mime@1.6.0
274 silly packumentCache full:https://registry.npmjs.org/mime cache-miss
275 http fetch GET 200 https://registry.npmjs.org/unpipe 79ms (cache miss)
276 silly packumentCache full:https://registry.npmjs.org/unpipe set size:undefined disposed:false
277 silly fetch manifest destroy@1.2.0
278 silly packumentCache full:https://registry.npmjs.org/destroy cache-miss
279 http fetch GET 200 https://registry.npmjs.org/raw-body 81ms (cache miss)
280 silly packumentCache full:https://registry.npmjs.org/raw-body set size:undefined disposed:false
281 silly fetch manifest encodeurl@~1.0.2
282 silly packumentCache full:https://registry.npmjs.org/encodeurl cache-miss
283 http fetch GET 200 https://registry.npmjs.org/toidentifier 81ms (cache miss)
284 silly packumentCache full:https://registry.npmjs.org/toidentifier set size:undefined disposed:false
285 silly fetch manifest mime-types@~2.1.24
286 silly packumentCache full:https://registry.npmjs.org/mime-types cache-miss
287 http fetch GET 200 https://registry.npmjs.org/forwarded 83ms (cache miss)
288 silly packumentCache full:https://registry.npmjs.org/forwarded set size:undefined disposed:false
289 silly fetch manifest media-typer@0.3.0
290 silly packumentCache full:https://registry.npmjs.org/media-typer cache-miss
291 http fetch GET 200 https://registry.npmjs.org/side-channel 75ms (cache miss)
292 silly packumentCache full:https://registry.npmjs.org/side-channel set size:undefined disposed:false
293 http fetch GET 200 https://registry.npmjs.org/ms 85ms (cache miss)
294 silly packumentCache full:https://registry.npmjs.org/ms set size:undefined disposed:false
295 http fetch GET 200 https://registry.npmjs.org/negotiator 88ms (cache miss)
296 silly packumentCache full:https://registry.npmjs.org/negotiator set size:undefined disposed:false
297 http fetch GET 200 https://registry.npmjs.org/destroy 89ms (cache miss)
298 silly packumentCache full:https://registry.npmjs.org/destroy set size:undefined disposed:false
299 http fetch GET 200 https://registry.npmjs.org/ipaddr.js 87ms (cache miss)
300 silly packumentCache full:https://registry.npmjs.org/ipaddr.js set size:undefined disposed:false
301 http cache https://registry.npmjs.org/encodeurl 11ms (cache hit)
302 silly packumentCache full:https://registry.npmjs.org/encodeurl set size:12296 disposed:false
303 http fetch GET 200 https://registry.npmjs.org/bytes 96ms (cache miss)
304 silly packumentCache full:https://registry.npmjs.org/bytes set size:undefined disposed:false
305 http fetch GET 200 https://registry.npmjs.org/mime-types 98ms (cache miss)
306 silly packumentCache full:https://registry.npmjs.org/mime-types set size:undefined disposed:false
307 http fetch GET 200 https://registry.npmjs.org/ee-first 96ms (cache miss)
308 silly packumentCache full:https://registry.npmjs.org/ee-first set size:undefined disposed:false
309 http fetch GET 200 https://registry.npmjs.org/iconv-lite 99ms (cache miss)
310 silly packumentCache full:https://registry.npmjs.org/iconv-lite set size:undefined disposed:false
311 http fetch GET 200 https://registry.npmjs.org/ms 53ms (cache miss)
312 silly packumentCache full:https://registry.npmjs.org/ms set size:undefined disposed:false
313 http fetch GET 200 https://registry.npmjs.org/destroy 56ms (cache miss)
314 silly packumentCache full:https://registry.npmjs.org/destroy set size:undefined disposed:false
315 http fetch GET 200 https://registry.npmjs.org/media-typer 59ms (cache miss)
316 silly packumentCache full:https://registry.npmjs.org/media-typer set size:undefined disposed:false
317 http fetch GET 200 https://registry.npmjs.org/mime-types 61ms (cache miss)
318 silly packumentCache full:https://registry.npmjs.org/mime-types set size:undefined disposed:false
319 http fetch GET 200 https://registry.npmjs.org/mime 68ms (cache miss)
320 silly packumentCache full:https://registry.npmjs.org/mime set size:undefined disposed:false
321 silly placeDep ROOT mime-types@2.1.35 OK for: accepts@1.3.8 want: ~2.1.34
322 silly placeDep ROOT negotiator@0.6.3 OK for: accepts@1.3.8 want: 0.6.3
323 silly fetch manifest mime-db@1.52.0
324 silly packumentCache full:https://registry.npmjs.org/mime-db cache-miss
325 http fetch GET 200 https://registry.npmjs.org/mime-db 80ms (cache miss)
326 silly packumentCache full:https://registry.npmjs.org/mime-db set size:undefined disposed:false
327 silly placeDep ROOT bytes@3.1.2 OK for: body-parser@1.20.3 want: 3.1.2
328 silly placeDep ROOT destroy@1.2.0 OK for: body-parser@1.20.3 want: 1.2.0
329 silly placeDep ROOT iconv-lite@0.4.24 OK for: body-parser@1.20.3 want: 0.4.24
330 silly placeDep ROOT raw-body@2.5.2 OK for: body-parser@1.20.3 want: 2.5.2
331 silly placeDep ROOT unpipe@1.0.0 OK for: body-parser@1.20.3 want: 1.0.0
332 silly fetch manifest safer-buffer@>= 2.1.2 < 3
333 silly packumentCache full:https://registry.npmjs.org/safer-buffer cache-miss
334 http fetch GET 200 https://registry.npmjs.org/safer-buffer 72ms (cache miss)
335 silly packumentCache full:https://registry.npmjs.org/safer-buffer set size:undefined disposed:false
336 silly placeDep ROOT ms@2.0.0 OK for: debug@2.6.9 want: 2.0.0
337 silly placeDep ROOT inherits@2.0.4 OK for: http-errors@2.0.0 want: 2.0.4
338 silly placeDep ROOT toidentifier@1.0.1 OK for: http-errors@2.0.0 want: 1.0.1
339 silly placeDep ROOT safer-buffer@2.1.2 OK for: iconv-lite@0.4.24 want: >= 2.1.2 < 3
340 silly placeDep ROOT mime-db@1.52.0 OK for: mime-types@2.1.35 want: 1.52.0
341 silly placeDep ROOT chokidar@3.6.0 OK for: nodemon@3.1.10 want: ^3.5.2
342 silly placeDep node_modules/nodemon debug@4.4.1 OK for: nodemon@3.1.10 want: ^4
343 silly placeDep ROOT ignore-by-default@1.0.1 OK for: nodemon@3.1.10 want: ^1.0.1
344 silly placeDep ROOT minimatch@3.1.2 OK for: nodemon@3.1.10 want: ^3.1.2
345 silly placeDep ROOT pstree.remy@1.1.8 OK for: nodemon@3.1.10 want: ^1.1.8
346 silly placeDep ROOT semver@7.7.2 OK for: nodemon@3.1.10 want: ^7.5.3
347 silly placeDep ROOT simple-update-notifier@2.0.0 OK for: nodemon@3.1.10 want: ^2.0.0
348 silly placeDep ROOT supports-color@5.5.0 OK for: nodemon@3.1.10 want: ^5.5.0
349 silly placeDep ROOT touch@3.1.1 OK for: nodemon@3.1.10 want: ^3.1.0
350 silly placeDep ROOT undefsafe@2.0.5 OK for: nodemon@3.1.10 want: ^2.0.5
351 silly fetch manifest braces@~3.0.2
352 silly packumentCache full:https://registry.npmjs.org/braces cache-miss
353 silly fetch manifest is-glob@~4.0.1
354 silly packumentCache full:https://registry.npmjs.org/is-glob cache-miss
355 silly fetch manifest anymatch@~3.1.2
356 silly packumentCache full:https://registry.npmjs.org/anymatch cache-miss
357 silly fetch manifest readdirp@~3.6.0
358 silly packumentCache full:https://registry.npmjs.org/readdirp cache-miss
359 silly fetch manifest glob-parent@~5.1.2
360 silly packumentCache full:https://registry.npmjs.org/glob-parent cache-miss
361 silly fetch manifest is-binary-path@~2.1.0
362 silly packumentCache full:https://registry.npmjs.org/is-binary-path cache-miss
363 silly fetch manifest normalize-path@~3.0.0
364 silly packumentCache full:https://registry.npmjs.org/normalize-path cache-miss
365 silly fetch manifest fsevents@~2.3.2
366 silly packumentCache full:https://registry.npmjs.org/fsevents cache-miss
367 silly fetch manifest ms@^2.1.3
368 silly packumentCache full:https://registry.npmjs.org/ms cache-miss
369 silly fetch manifest brace-expansion@^1.1.7
370 silly packumentCache full:https://registry.npmjs.org/brace-expansion cache-miss
371 silly fetch manifest has-flag@^3.0.0
372 silly packumentCache full:https://registry.npmjs.org/has-flag cache-miss
373 http cache https://registry.npmjs.org/ms 9ms (cache hit)
374 silly packumentCache full:https://registry.npmjs.org/ms set size:84883 disposed:false
375 http fetch GET 200 https://registry.npmjs.org/anymatch 72ms (cache miss)
376 silly packumentCache full:https://registry.npmjs.org/anymatch set size:undefined disposed:false
377 http fetch GET 200 https://registry.npmjs.org/brace-expansion 71ms (cache miss)
378 silly packumentCache full:https://registry.npmjs.org/brace-expansion set size:undefined disposed:false
379 http fetch GET 200 https://registry.npmjs.org/is-glob 73ms (cache miss)
380 silly packumentCache full:https://registry.npmjs.org/is-glob set size:undefined disposed:false
381 http fetch GET 200 https://registry.npmjs.org/braces 79ms (cache miss)
382 silly packumentCache full:https://registry.npmjs.org/braces set size:undefined disposed:false
383 http fetch GET 200 https://registry.npmjs.org/glob-parent 79ms (cache miss)
384 silly packumentCache full:https://registry.npmjs.org/glob-parent set size:undefined disposed:false
385 http fetch GET 200 https://registry.npmjs.org/is-binary-path 80ms (cache miss)
386 silly packumentCache full:https://registry.npmjs.org/is-binary-path set size:undefined disposed:false
387 http fetch GET 200 https://registry.npmjs.org/normalize-path 81ms (cache miss)
388 silly packumentCache full:https://registry.npmjs.org/normalize-path set size:undefined disposed:false
389 http fetch GET 200 https://registry.npmjs.org/fsevents 82ms (cache miss)
390 silly packumentCache full:https://registry.npmjs.org/fsevents set size:undefined disposed:false
391 http fetch GET 200 https://registry.npmjs.org/readdirp 84ms (cache miss)
392 silly packumentCache full:https://registry.npmjs.org/readdirp set size:undefined disposed:false
393 http fetch GET 200 https://registry.npmjs.org/has-flag 636ms (cache miss)
394 silly packumentCache full:https://registry.npmjs.org/has-flag set size:undefined disposed:false
395 silly placeDep ROOT anymatch@3.1.3 OK for: chokidar@3.6.0 want: ~3.1.2
396 silly placeDep ROOT braces@3.0.3 OK for: chokidar@3.6.0 want: ~3.0.2
397 silly placeDep ROOT fsevents@2.3.3 OK for: chokidar@3.6.0 want: ~2.3.2
398 silly placeDep ROOT glob-parent@5.1.2 OK for: chokidar@3.6.0 want: ~5.1.2
399 silly placeDep ROOT is-binary-path@2.1.0 OK for: chokidar@3.6.0 want: ~2.1.0
400 silly placeDep ROOT is-glob@4.0.3 OK for: chokidar@3.6.0 want: ~4.0.1
401 silly placeDep ROOT normalize-path@3.0.0 OK for: chokidar@3.6.0 want: ~3.0.0
402 silly placeDep ROOT readdirp@3.6.0 OK for: chokidar@3.6.0 want: ~3.6.0
403 silly fetch manifest picomatch@^2.0.4
404 silly packumentCache full:https://registry.npmjs.org/picomatch cache-miss
405 silly fetch manifest normalize-path@^3.0.0
406 silly packumentCache full:https://registry.npmjs.org/normalize-path cache-miss
407 silly fetch manifest fill-range@^7.1.1
408 silly packumentCache full:https://registry.npmjs.org/fill-range cache-miss
409 silly fetch manifest is-glob@^4.0.1
410 silly packumentCache full:https://registry.npmjs.org/is-glob cache-miss
411 silly fetch manifest binary-extensions@^2.0.0
412 silly packumentCache full:https://registry.npmjs.org/binary-extensions cache-miss
413 silly fetch manifest is-extglob@^2.1.1
414 silly packumentCache full:https://registry.npmjs.org/is-extglob cache-miss
415 silly fetch manifest picomatch@^2.2.1
416 silly packumentCache full:https://registry.npmjs.org/picomatch cache-miss
417 http cache https://registry.npmjs.org/is-glob 6ms (cache hit)
418 silly packumentCache full:https://registry.npmjs.org/is-glob set size:40530 disposed:false
419 http cache https://registry.npmjs.org/normalize-path 7ms (cache hit)
420 silly packumentCache full:https://registry.npmjs.org/normalize-path set size:28713 disposed:false
421 http fetch GET 200 https://registry.npmjs.org/picomatch 63ms (cache miss)
422 silly packumentCache full:https://registry.npmjs.org/picomatch set size:undefined disposed:false
423 http fetch GET 200 https://registry.npmjs.org/is-extglob 68ms (cache miss)
424 silly packumentCache full:https://registry.npmjs.org/is-extglob set size:undefined disposed:false
425 http fetch GET 200 https://registry.npmjs.org/fill-range 69ms (cache miss)
426 silly packumentCache full:https://registry.npmjs.org/fill-range set size:undefined disposed:false
427 http fetch GET 200 https://registry.npmjs.org/binary-extensions 71ms (cache miss)
428 silly packumentCache full:https://registry.npmjs.org/binary-extensions set size:undefined disposed:false
429 http fetch GET 200 https://registry.npmjs.org/picomatch 72ms (cache miss)
430 silly packumentCache full:https://registry.npmjs.org/picomatch set size:undefined disposed:false
431 silly placeDep ROOT picomatch@2.3.1 OK for: anymatch@3.1.3 want: ^2.0.4
432 silly placeDep ROOT fill-range@7.1.1 OK for: braces@3.0.3 want: ^7.1.1
433 silly fetch manifest to-regex-range@^5.0.1
434 silly packumentCache full:https://registry.npmjs.org/to-regex-range cache-miss
435 http fetch GET 200 https://registry.npmjs.org/to-regex-range 57ms (cache miss)
436 silly packumentCache full:https://registry.npmjs.org/to-regex-range set size:undefined disposed:false
437 silly placeDep ROOT to-regex-range@5.0.1 OK for: fill-range@7.1.1 want: ^5.0.1
438 silly fetch manifest is-number@^7.0.0
439 silly packumentCache full:https://registry.npmjs.org/is-number cache-miss
440 http fetch GET 200 https://registry.npmjs.org/is-number 63ms (cache miss)
441 silly packumentCache full:https://registry.npmjs.org/is-number set size:undefined disposed:false
442 silly placeDep ROOT binary-extensions@2.3.0 OK for: is-binary-path@2.1.0 want: ^2.0.0
443 silly placeDep ROOT is-extglob@2.1.1 OK for: is-glob@4.0.3 want: ^2.1.1
444 silly placeDep ROOT brace-expansion@1.1.12 OK for: minimatch@3.1.2 want: ^1.1.7
445 silly fetch manifest balanced-match@^1.0.0
446 silly packumentCache full:https://registry.npmjs.org/balanced-match cache-miss
447 silly fetch manifest concat-map@0.0.1
448 silly packumentCache full:https://registry.npmjs.org/concat-map cache-miss
449 http fetch GET 200 https://registry.npmjs.org/balanced-match 58ms (cache miss)
450 silly packumentCache full:https://registry.npmjs.org/balanced-match set size:undefined disposed:false
451 http fetch GET 200 https://registry.npmjs.org/concat-map 59ms (cache miss)
452 silly packumentCache full:https://registry.npmjs.org/concat-map set size:undefined disposed:false
453 silly placeDep ROOT balanced-match@1.0.2 OK for: brace-expansion@1.1.12 want: ^1.0.0
454 silly placeDep ROOT concat-map@0.0.1 OK for: brace-expansion@1.1.12 want: 0.0.1
455 silly placeDep ROOT ee-first@1.1.1 OK for: on-finished@2.4.1 want: 1.1.1
456 silly placeDep ROOT process@0.11.10 OK for: path@0.12.7 want: ^0.11.1
457 silly placeDep ROOT util@0.10.4 OK for: path@0.12.7 want: ^0.10.3
458 silly fetch manifest inherits@2.0.3
459 silly packumentCache full:https://registry.npmjs.org/inherits cache-miss
460 http cache https://registry.npmjs.org/inherits 3ms (cache hit)
461 silly packumentCache full:https://registry.npmjs.org/inherits set size:12925 disposed:false
462 silly placeDep ROOT forwarded@0.2.0 OK for: proxy-addr@2.0.7 want: 0.2.0
463 silly placeDep ROOT ipaddr.js@1.9.1 OK for: proxy-addr@2.0.7 want: 1.9.1
464 silly placeDep ROOT side-channel@1.1.0 OK for: qs@6.13.0 want: ^1.0.6
465 silly fetch manifest es-errors@^1.3.0
466 silly packumentCache full:https://registry.npmjs.org/es-errors cache-miss
467 silly fetch manifest object-inspect@^1.13.3
468 silly packumentCache full:https://registry.npmjs.org/object-inspect cache-miss
469 silly fetch manifest side-channel-list@^1.0.0
470 silly packumentCache full:https://registry.npmjs.org/side-channel-list cache-miss
471 silly fetch manifest side-channel-map@^1.0.1
472 silly packumentCache full:https://registry.npmjs.org/side-channel-map cache-miss
473 silly fetch manifest side-channel-weakmap@^1.0.2
474 silly packumentCache full:https://registry.npmjs.org/side-channel-weakmap cache-miss
475 http fetch GET 200 https://registry.npmjs.org/object-inspect 64ms (cache miss)
476 silly packumentCache full:https://registry.npmjs.org/object-inspect set size:undefined disposed:false
477 http fetch GET 200 https://registry.npmjs.org/side-channel-weakmap 67ms (cache miss)
478 silly packumentCache full:https://registry.npmjs.org/side-channel-weakmap set size:undefined disposed:false
479 http fetch GET 200 https://registry.npmjs.org/side-channel-list 70ms (cache miss)
480 silly packumentCache full:https://registry.npmjs.org/side-channel-list set size:undefined disposed:false
481 http fetch GET 200 https://registry.npmjs.org/side-channel-map 78ms (cache miss)
482 silly packumentCache full:https://registry.npmjs.org/side-channel-map set size:undefined disposed:false
483 http fetch GET 200 https://registry.npmjs.org/es-errors 714ms (cache miss)
484 silly packumentCache full:https://registry.npmjs.org/es-errors set size:undefined disposed:false
485 silly placeDep node_modules/send encodeurl@1.0.2 OK for: send@0.19.0 want: ~1.0.2
486 silly placeDep ROOT mime@1.6.0 OK for: send@0.19.0 want: 1.6.0
487 silly placeDep node_modules/send ms@2.1.3 OK for: send@0.19.0 want: 2.1.3
488 silly placeDep ROOT es-errors@1.3.0 OK for: side-channel@1.1.0 want: ^1.3.0
489 silly placeDep ROOT object-inspect@1.13.4 OK for: side-channel@1.1.0 want: ^1.13.3
490 silly placeDep ROOT side-channel-list@1.0.0 OK for: side-channel@1.1.0 want: ^1.0.0
491 silly placeDep ROOT side-channel-map@1.0.1 OK for: side-channel@1.1.0 want: ^1.0.1
492 silly placeDep ROOT side-channel-weakmap@1.0.2 OK for: side-channel@1.1.0 want: ^1.0.2
493 silly fetch manifest call-bound@^1.0.2
494 silly packumentCache full:https://registry.npmjs.org/call-bound cache-miss
495 silly fetch manifest get-intrinsic@^1.2.5
496 silly packumentCache full:https://registry.npmjs.org/get-intrinsic cache-miss
497 silly fetch manifest call-bound@^1.0.2
498 silly packumentCache full:https://registry.npmjs.org/call-bound cache-miss
499 silly fetch manifest get-intrinsic@^1.2.5
500 silly packumentCache full:https://registry.npmjs.org/get-intrinsic cache-miss
501 http fetch GET 200 https://registry.npmjs.org/get-intrinsic 61ms (cache miss)
502 silly packumentCache full:https://registry.npmjs.org/get-intrinsic set size:undefined disposed:false
503 http fetch GET 200 https://registry.npmjs.org/call-bound 62ms (cache miss)
504 silly packumentCache full:https://registry.npmjs.org/call-bound set size:undefined disposed:false
505 http fetch GET 200 https://registry.npmjs.org/get-intrinsic 65ms (cache miss)
506 silly packumentCache full:https://registry.npmjs.org/get-intrinsic set size:undefined disposed:false
507 http fetch GET 200 https://registry.npmjs.org/call-bound 68ms (cache miss)
508 silly packumentCache full:https://registry.npmjs.org/call-bound set size:undefined disposed:false
509 silly placeDep ROOT call-bound@1.0.4 OK for: side-channel-map@1.0.1 want: ^1.0.2
510 silly placeDep ROOT get-intrinsic@1.3.0 OK for: side-channel-map@1.0.1 want: ^1.2.5
511 silly fetch manifest call-bind-apply-helpers@^1.0.2
512 silly packumentCache full:https://registry.npmjs.org/call-bind-apply-helpers cache-miss
513 silly fetch manifest get-intrinsic@^1.3.0
514 silly packumentCache full:https://registry.npmjs.org/get-intrinsic cache-miss
515 silly fetch manifest call-bind-apply-helpers@^1.0.2
516 silly packumentCache full:https://registry.npmjs.org/call-bind-apply-helpers cache-miss
517 silly fetch manifest es-define-property@^1.0.1
518 silly packumentCache full:https://registry.npmjs.org/es-define-property cache-miss
519 silly fetch manifest es-object-atoms@^1.1.1
520 silly packumentCache full:https://registry.npmjs.org/es-object-atoms cache-miss
521 silly fetch manifest function-bind@^1.1.2
522 silly packumentCache full:https://registry.npmjs.org/function-bind cache-miss
523 silly fetch manifest get-proto@^1.0.1
524 silly packumentCache full:https://registry.npmjs.org/get-proto cache-miss
525 silly fetch manifest gopd@^1.2.0
526 silly packumentCache full:https://registry.npmjs.org/gopd cache-miss
527 silly fetch manifest has-symbols@^1.1.0
528 silly packumentCache full:https://registry.npmjs.org/has-symbols cache-miss
529 silly fetch manifest hasown@^2.0.2
530 silly packumentCache full:https://registry.npmjs.org/hasown cache-miss
531 silly fetch manifest math-intrinsics@^1.1.0
532 silly packumentCache full:https://registry.npmjs.org/math-intrinsics cache-miss
533 http cache https://registry.npmjs.org/get-intrinsic 9ms (cache hit)
534 silly packumentCache full:https://registry.npmjs.org/get-intrinsic set size:57687 disposed:false
535 http fetch GET 200 https://registry.npmjs.org/function-bind 61ms (cache miss)
536 silly packumentCache full:https://registry.npmjs.org/function-bind set size:undefined disposed:false
537 http fetch GET 200 https://registry.npmjs.org/get-proto 63ms (cache miss)
538 silly packumentCache full:https://registry.npmjs.org/get-proto set size:undefined disposed:false
539 http fetch GET 200 https://registry.npmjs.org/es-define-property 68ms (cache miss)
540 silly packumentCache full:https://registry.npmjs.org/es-define-property set size:undefined disposed:false
541 http fetch GET 200 https://registry.npmjs.org/call-bind-apply-helpers 69ms (cache miss)
542 silly packumentCache full:https://registry.npmjs.org/call-bind-apply-helpers set size:undefined disposed:false
543 http fetch GET 200 https://registry.npmjs.org/has-symbols 69ms (cache miss)
544 silly packumentCache full:https://registry.npmjs.org/has-symbols set size:undefined disposed:false
545 http fetch GET 200 https://registry.npmjs.org/gopd 73ms (cache miss)
546 silly packumentCache full:https://registry.npmjs.org/gopd set size:undefined disposed:false
547 http fetch GET 200 https://registry.npmjs.org/call-bind-apply-helpers 76ms (cache miss)
548 silly packumentCache full:https://registry.npmjs.org/call-bind-apply-helpers set size:undefined disposed:false
549 http fetch GET 200 https://registry.npmjs.org/es-object-atoms 76ms (cache miss)
550 silly packumentCache full:https://registry.npmjs.org/es-object-atoms set size:undefined disposed:false
551 http fetch GET 200 https://registry.npmjs.org/hasown 79ms (cache miss)
552 silly packumentCache full:https://registry.npmjs.org/hasown set size:undefined disposed:false
553 http fetch GET 200 https://registry.npmjs.org/math-intrinsics 80ms (cache miss)
554 silly packumentCache full:https://registry.npmjs.org/math-intrinsics set size:undefined disposed:false
555 silly placeDep ROOT call-bind-apply-helpers@1.0.2 OK for: call-bound@1.0.4 want: ^1.0.2
556 silly placeDep ROOT function-bind@1.1.2 OK for: call-bind-apply-helpers@1.0.2 want: ^1.1.2
557 silly placeDep ROOT es-define-property@1.0.1 OK for: get-intrinsic@1.3.0 want: ^1.0.1
558 silly placeDep ROOT es-object-atoms@1.1.1 OK for: get-intrinsic@1.3.0 want: ^1.1.1
559 silly placeDep ROOT get-proto@1.0.1 OK for: get-intrinsic@1.3.0 want: ^1.0.1
560 silly placeDep ROOT gopd@1.2.0 OK for: get-intrinsic@1.3.0 want: ^1.2.0
561 silly placeDep ROOT has-symbols@1.1.0 OK for: get-intrinsic@1.3.0 want: ^1.1.0
562 silly placeDep ROOT hasown@2.0.2 OK for: get-intrinsic@1.3.0 want: ^2.0.2
563 silly placeDep ROOT math-intrinsics@1.1.0 OK for: get-intrinsic@1.3.0 want: ^1.1.0
564 silly fetch manifest dunder-proto@^1.0.1
565 silly packumentCache full:https://registry.npmjs.org/dunder-proto cache-miss
566 http fetch GET 200 https://registry.npmjs.org/dunder-proto 77ms (cache miss)
567 silly packumentCache full:https://registry.npmjs.org/dunder-proto set size:undefined disposed:false
568 silly placeDep ROOT dunder-proto@1.0.1 OK for: get-proto@1.0.1 want: ^1.0.1
569 silly placeDep ROOT has-flag@3.0.0 OK for: supports-color@5.5.0 want: ^3.0.0
570 silly placeDep ROOT is-number@7.0.0 OK for: to-regex-range@5.0.1 want: ^7.0.0
571 silly placeDep ROOT media-typer@0.3.0 OK for: type-is@1.6.18 want: 0.3.0
572 silly placeDep node_modules/util inherits@2.0.3 OK for: util@0.10.4 want: 2.0.3
573 silly placeDep node_modules/nodemon ms@2.1.3 OK for: debug@4.4.1 want: ^2.1.3
574 silly reify moves {}
575 silly audit bulk request {
575 silly audit   express: [ '4.21.2' ],
575 silly audit   nodemon: [ '3.1.10' ],
575 silly audit   path: [ '0.12.7' ],
575 silly audit   accepts: [ '1.3.8' ],
575 silly audit   'array-flatten': [ '1.1.1' ],
575 silly audit   'body-parser': [ '1.20.3' ],
575 silly audit   'content-disposition': [ '0.5.4' ],
575 silly audit   'content-type': [ '1.0.5' ],
575 silly audit   cookie: [ '0.7.1' ],
575 silly audit   'cookie-signature': [ '1.0.6' ],
575 silly audit   debug: [ '2.6.9', '4.4.1' ],
575 silly audit   depd: [ '2.0.0' ],
575 silly audit   encodeurl: [ '2.0.0', '1.0.2' ],
575 silly audit   'escape-html': [ '1.0.3' ],
575 silly audit   etag: [ '1.8.1' ],
575 silly audit   finalhandler: [ '1.3.1' ],
575 silly audit   fresh: [ '0.5.2' ],
575 silly audit   'http-errors': [ '2.0.0' ],
575 silly audit   'merge-descriptors': [ '1.0.3' ],
575 silly audit   methods: [ '1.1.2' ],
575 silly audit   'on-finished': [ '2.4.1' ],
575 silly audit   parseurl: [ '1.3.3' ],
575 silly audit   'path-to-regexp': [ '0.1.12' ],
575 silly audit   'proxy-addr': [ '2.0.7' ],
575 silly audit   qs: [ '6.13.0' ],
575 silly audit   'range-parser': [ '1.2.1' ],
575 silly audit   'safe-buffer': [ '5.2.1' ],
575 silly audit   send: [ '0.19.0' ],
575 silly audit   'serve-static': [ '1.16.2' ],
575 silly audit   setprototypeof: [ '1.2.0' ],
575 silly audit   statuses: [ '2.0.1' ],
575 silly audit   'type-is': [ '1.6.18' ],
575 silly audit   'utils-merge': [ '1.0.1' ],
575 silly audit   vary: [ '1.1.2' ],
575 silly audit   'mime-types': [ '2.1.35' ],
575 silly audit   negotiator: [ '0.6.3' ],
575 silly audit   bytes: [ '3.1.2' ],
575 silly audit   destroy: [ '1.2.0' ],
575 silly audit   'iconv-lite': [ '0.4.24' ],
575 silly audit   'raw-body': [ '2.5.2' ],
575 silly audit   unpipe: [ '1.0.0' ],
575 silly audit   ms: [ '2.0.0', '2.1.3' ],
575 silly audit   inherits: [ '2.0.4', '2.0.3' ],
575 silly audit   toidentifier: [ '1.0.1' ],
575 silly audit   'safer-buffer': [ '2.1.2' ],
575 silly audit   'mime-db': [ '1.52.0' ],
575 silly audit   chokidar: [ '3.6.0' ],
575 silly audit   'ignore-by-default': [ '1.0.1' ],
575 silly audit   minimatch: [ '3.1.2' ],
575 silly audit   'pstree.remy': [ '1.1.8' ],
575 silly audit   semver: [ '7.7.2' ],
575 silly audit   'simple-update-notifier': [ '2.0.0' ],
575 silly audit   'supports-color': [ '5.5.0' ],
575 silly audit   touch: [ '3.1.1' ],
575 silly audit   undefsafe: [ '2.0.5' ],
575 silly audit   anymatch: [ '3.1.3' ],
575 silly audit   braces: [ '3.0.3' ],
575 silly audit   fsevents: [ '2.3.3' ],
575 silly audit   'glob-parent': [ '5.1.2' ],
575 silly audit   'is-binary-path': [ '2.1.0' ],
575 silly audit   'is-glob': [ '4.0.3' ],
575 silly audit   'normalize-path': [ '3.0.0' ],
575 silly audit   readdirp: [ '3.6.0' ],
575 silly audit   picomatch: [ '2.3.1' ],
575 silly audit   'fill-range': [ '7.1.1' ],
575 silly audit   'to-regex-range': [ '5.0.1' ],
575 silly audit   'binary-extensions': [ '2.3.0' ],
575 silly audit   'is-extglob': [ '2.1.1' ],
575 silly audit   'brace-expansion': [ '1.1.12' ],
575 silly audit   'balanced-match': [ '1.0.2' ],
575 silly audit   'concat-map': [ '0.0.1' ],
575 silly audit   'ee-first': [ '1.1.1' ],
575 silly audit   process: [ '0.11.10' ],
575 silly audit   util: [ '0.10.4' ],
575 silly audit   forwarded: [ '0.2.0' ],
575 silly audit   'ipaddr.js': [ '1.9.1' ],
575 silly audit   'side-channel': [ '1.1.0' ],
575 silly audit   mime: [ '1.6.0' ],
575 silly audit   'es-errors': [ '1.3.0' ],
575 silly audit   'object-inspect': [ '1.13.4' ],
575 silly audit   'side-channel-list': [ '1.0.0' ],
575 silly audit   'side-channel-map': [ '1.0.1' ],
575 silly audit   'side-channel-weakmap': [ '1.0.2' ],
575 silly audit   'call-bound': [ '1.0.4' ],
575 silly audit   'get-intrinsic': [ '1.3.0' ],
575 silly audit   'call-bind-apply-helpers': [ '1.0.2' ],
575 silly audit   'function-bind': [ '1.1.2' ],
575 silly audit   'es-define-property': [ '1.0.1' ],
575 silly audit   'es-object-atoms': [ '1.1.1' ],
575 silly audit   'get-proto': [ '1.0.1' ],
575 silly audit   gopd: [ '1.2.0' ],
575 silly audit   'has-symbols': [ '1.1.0' ],
575 silly audit   hasown: [ '2.0.2' ],
575 silly audit   'math-intrinsics': [ '1.1.0' ],
575 silly audit   'dunder-proto': [ '1.0.1' ],
575 silly audit   'has-flag': [ '3.0.0' ],
575 silly audit   'is-number': [ '7.0.0' ],
575 silly audit   'media-typer': [ '0.3.0' ]
575 silly audit }
576 verbose reify failed optional dependency C:\Users\d9955\Desktop\webappKarmaSystem\WebKarmaApp\node_modules\fsevents
577 silly reify mark deleted [
577 silly reify   'C:\\Users\\d9955\\Desktop\\webappKarmaSystem\\WebKarmaApp\\node_modules\\fsevents'
577 silly reify ]
578 http cache media-typer@https://registry.npmjs.org/media-typer/-/media-typer-0.3.0.tgz 0ms (cache hit)
579 http cache dunder-proto@https://registry.npmjs.org/dunder-proto/-/dunder-proto-1.0.1.tgz 0ms (cache hit)
580 http cache is-number@https://registry.npmjs.org/is-number/-/is-number-7.0.0.tgz 0ms (cache hit)
581 http cache hasown@https://registry.npmjs.org/hasown/-/hasown-2.0.2.tgz 0ms (cache hit)
582 http cache has-flag@https://registry.npmjs.org/has-flag/-/has-flag-3.0.0.tgz 0ms (cache hit)
583 http cache gopd@https://registry.npmjs.org/gopd/-/gopd-1.2.0.tgz 0ms (cache hit)
584 http cache has-symbols@https://registry.npmjs.org/has-symbols/-/has-symbols-1.1.0.tgz 0ms (cache hit)
585 http cache math-intrinsics@https://registry.npmjs.org/math-intrinsics/-/math-intrinsics-1.1.0.tgz 0ms (cache hit)
586 http cache es-object-atoms@https://registry.npmjs.org/es-object-atoms/-/es-object-atoms-1.1.1.tgz 0ms (cache hit)
587 http cache get-proto@https://registry.npmjs.org/get-proto/-/get-proto-1.0.1.tgz 0ms (cache hit)
588 http cache es-define-property@https://registry.npmjs.org/es-define-property/-/es-define-property-1.0.1.tgz 0ms (cache hit)
589 http cache function-bind@https://registry.npmjs.org/function-bind/-/function-bind-1.1.2.tgz 0ms (cache hit)
590 http cache call-bind-apply-helpers@https://registry.npmjs.org/call-bind-apply-helpers/-/call-bind-apply-helpers-1.0.2.tgz 0ms (cache hit)
591 http cache get-intrinsic@https://registry.npmjs.org/get-intrinsic/-/get-intrinsic-1.3.0.tgz 0ms (cache hit)
592 http cache side-channel-weakmap@https://registry.npmjs.org/side-channel-weakmap/-/side-channel-weakmap-1.0.2.tgz 0ms (cache hit)
593 http cache call-bound@https://registry.npmjs.org/call-bound/-/call-bound-1.0.4.tgz 0ms (cache hit)
594 http cache side-channel-map@https://registry.npmjs.org/side-channel-map/-/side-channel-map-1.0.1.tgz 0ms (cache hit)
595 http cache side-channel-list@https://registry.npmjs.org/side-channel-list/-/side-channel-list-1.0.0.tgz 0ms (cache hit)
596 http cache es-errors@https://registry.npmjs.org/es-errors/-/es-errors-1.3.0.tgz 0ms (cache hit)
597 http cache object-inspect@https://registry.npmjs.org/object-inspect/-/object-inspect-1.13.4.tgz 0ms (cache hit)
598 http cache side-channel@https://registry.npmjs.org/side-channel/-/side-channel-1.1.0.tgz 0ms (cache hit)
599 http cache ipaddr.js@https://registry.npmjs.org/ipaddr.js/-/ipaddr.js-1.9.1.tgz 0ms (cache hit)
600 http cache forwarded@https://registry.npmjs.org/forwarded/-/forwarded-0.2.0.tgz 0ms (cache hit)
601 http cache mime@https://registry.npmjs.org/mime/-/mime-1.6.0.tgz 0ms (cache hit)
602 http cache ee-first@https://registry.npmjs.org/ee-first/-/ee-first-1.1.1.tgz 0ms (cache hit)
603 http cache util@https://registry.npmjs.org/util/-/util-0.10.4.tgz 0ms (cache hit)
604 http cache balanced-match@https://registry.npmjs.org/balanced-match/-/balanced-match-1.0.2.tgz 0ms (cache hit)
605 http cache concat-map@https://registry.npmjs.org/concat-map/-/concat-map-0.0.1.tgz 0ms (cache hit)
606 http cache process@https://registry.npmjs.org/process/-/process-0.11.10.tgz 0ms (cache hit)
607 http cache brace-expansion@https://registry.npmjs.org/brace-expansion/-/brace-expansion-1.1.12.tgz 0ms (cache hit)
608 http cache is-extglob@https://registry.npmjs.org/is-extglob/-/is-extglob-2.1.1.tgz 0ms (cache hit)
609 http cache binary-extensions@https://registry.npmjs.org/binary-extensions/-/binary-extensions-2.3.0.tgz 0ms (cache hit)
610 http cache fill-range@https://registry.npmjs.org/fill-range/-/fill-range-7.1.1.tgz 0ms (cache hit)
611 http cache readdirp@https://registry.npmjs.org/readdirp/-/readdirp-3.6.0.tgz 0ms (cache hit)
612 http cache to-regex-range@https://registry.npmjs.org/to-regex-range/-/to-regex-range-5.0.1.tgz 0ms (cache hit)
613 http cache picomatch@https://registry.npmjs.org/picomatch/-/picomatch-2.3.1.tgz 0ms (cache hit)
614 http cache is-glob@https://registry.npmjs.org/is-glob/-/is-glob-4.0.3.tgz 0ms (cache hit)
615 http cache is-binary-path@https://registry.npmjs.org/is-binary-path/-/is-binary-path-2.1.0.tgz 0ms (cache hit)
616 http cache normalize-path@https://registry.npmjs.org/normalize-path/-/normalize-path-3.0.0.tgz 0ms (cache hit)
617 http cache anymatch@https://registry.npmjs.org/anymatch/-/anymatch-3.1.3.tgz 0ms (cache hit)
618 http cache glob-parent@https://registry.npmjs.org/glob-parent/-/glob-parent-5.1.2.tgz 0ms (cache hit)
619 http cache undefsafe@https://registry.npmjs.org/undefsafe/-/undefsafe-2.0.5.tgz 0ms (cache hit)
620 http cache braces@https://registry.npmjs.org/braces/-/braces-3.0.3.tgz 0ms (cache hit)
621 http cache touch@https://registry.npmjs.org/touch/-/touch-3.1.1.tgz 0ms (cache hit)
622 http cache simple-update-notifier@https://registry.npmjs.org/simple-update-notifier/-/simple-update-notifier-2.0.0.tgz 0ms (cache hit)
623 http cache supports-color@https://registry.npmjs.org/supports-color/-/supports-color-5.5.0.tgz 0ms (cache hit)
624 http cache semver@https://registry.npmjs.org/semver/-/semver-7.7.2.tgz 0ms (cache hit)
625 http cache minimatch@https://registry.npmjs.org/minimatch/-/minimatch-3.1.2.tgz 0ms (cache hit)
626 http cache pstree.remy@https://registry.npmjs.org/pstree.remy/-/pstree.remy-1.1.8.tgz 0ms (cache hit)
627 http cache chokidar@https://registry.npmjs.org/chokidar/-/chokidar-3.6.0.tgz 0ms (cache hit)
628 http cache safer-buffer@https://registry.npmjs.org/safer-buffer/-/safer-buffer-2.1.2.tgz 0ms (cache hit)
629 http cache ignore-by-default@https://registry.npmjs.org/ignore-by-default/-/ignore-by-default-1.0.1.tgz 0ms (cache hit)
630 http cache mime-db@https://registry.npmjs.org/mime-db/-/mime-db-1.52.0.tgz 0ms (cache hit)
631 http cache toidentifier@https://registry.npmjs.org/toidentifier/-/toidentifier-1.0.1.tgz 0ms (cache hit)
632 http cache inherits@https://registry.npmjs.org/inherits/-/inherits-2.0.4.tgz 0ms (cache hit)
633 http cache unpipe@https://registry.npmjs.org/unpipe/-/unpipe-1.0.0.tgz 0ms (cache hit)
634 http cache ms@https://registry.npmjs.org/ms/-/ms-2.0.0.tgz 0ms (cache hit)
635 http cache raw-body@https://registry.npmjs.org/raw-body/-/raw-body-2.5.2.tgz 0ms (cache hit)
636 http cache iconv-lite@https://registry.npmjs.org/iconv-lite/-/iconv-lite-0.4.24.tgz 0ms (cache hit)
637 http cache destroy@https://registry.npmjs.org/destroy/-/destroy-1.2.0.tgz 0ms (cache hit)
638 http cache negotiator@https://registry.npmjs.org/negotiator/-/negotiator-0.6.3.tgz 0ms (cache hit)
639 http cache bytes@https://registry.npmjs.org/bytes/-/bytes-3.1.2.tgz 0ms (cache hit)
640 http cache mime-types@https://registry.npmjs.org/mime-types/-/mime-types-2.1.35.tgz 0ms (cache hit)
641 http cache vary@https://registry.npmjs.org/vary/-/vary-1.1.2.tgz 0ms (cache hit)
642 http cache utils-merge@https://registry.npmjs.org/utils-merge/-/utils-merge-1.0.1.tgz 0ms (cache hit)
643 http cache statuses@https://registry.npmjs.org/statuses/-/statuses-2.0.1.tgz 0ms (cache hit)
644 http cache setprototypeof@https://registry.npmjs.org/setprototypeof/-/setprototypeof-1.2.0.tgz 0ms (cache hit)
645 http cache type-is@https://registry.npmjs.org/type-is/-/type-is-1.6.18.tgz 0ms (cache hit)
646 http cache send@https://registry.npmjs.org/send/-/send-0.19.0.tgz 0ms (cache hit)
647 http cache safe-buffer@https://registry.npmjs.org/safe-buffer/-/safe-buffer-5.2.1.tgz 0ms (cache hit)
648 http cache range-parser@https://registry.npmjs.org/range-parser/-/range-parser-1.2.1.tgz 0ms (cache hit)
649 http cache qs@https://registry.npmjs.org/qs/-/qs-6.13.0.tgz 0ms (cache hit)
650 http cache proxy-addr@https://registry.npmjs.org/proxy-addr/-/proxy-addr-2.0.7.tgz 0ms (cache hit)
651 http cache serve-static@https://registry.npmjs.org/serve-static/-/serve-static-1.16.2.tgz 0ms (cache hit)
652 http cache path-to-regexp@https://registry.npmjs.org/path-to-regexp/-/path-to-regexp-0.1.12.tgz 0ms (cache hit)
653 http cache parseurl@https://registry.npmjs.org/parseurl/-/parseurl-1.3.3.tgz 0ms (cache hit)
654 http cache http-errors@https://registry.npmjs.org/http-errors/-/http-errors-2.0.0.tgz 0ms (cache hit)
655 http cache on-finished@https://registry.npmjs.org/on-finished/-/on-finished-2.4.1.tgz 0ms (cache hit)
656 http cache merge-descriptors@https://registry.npmjs.org/merge-descriptors/-/merge-descriptors-1.0.3.tgz 0ms (cache hit)
657 http cache methods@https://registry.npmjs.org/methods/-/methods-1.1.2.tgz 0ms (cache hit)
658 http cache fresh@https://registry.npmjs.org/fresh/-/fresh-0.5.2.tgz 0ms (cache hit)
659 http cache encodeurl@https://registry.npmjs.org/encodeurl/-/encodeurl-2.0.0.tgz 0ms (cache hit)
660 http cache depd@https://registry.npmjs.org/depd/-/depd-2.0.0.tgz 0ms (cache hit)
661 http cache etag@https://registry.npmjs.org/etag/-/etag-1.8.1.tgz 0ms (cache hit)
662 http cache finalhandler@https://registry.npmjs.org/finalhandler/-/finalhandler-1.3.1.tgz 0ms (cache hit)
663 http cache cookie@https://registry.npmjs.org/cookie/-/cookie-0.7.1.tgz 0ms (cache hit)
664 http cache escape-html@https://registry.npmjs.org/escape-html/-/escape-html-1.0.3.tgz 0ms (cache hit)
665 http cache cookie-signature@https://registry.npmjs.org/cookie-signature/-/cookie-signature-1.0.6.tgz 0ms (cache hit)
666 http cache debug@https://registry.npmjs.org/debug/-/debug-2.6.9.tgz 0ms (cache hit)
667 http cache content-type@https://registry.npmjs.org/content-type/-/content-type-1.0.5.tgz 0ms (cache hit)
668 http cache content-disposition@https://registry.npmjs.org/content-disposition/-/content-disposition-0.5.4.tgz 0ms (cache hit)
669 http cache body-parser@https://registry.npmjs.org/body-parser/-/body-parser-1.20.3.tgz 0ms (cache hit)
670 http cache accepts@https://registry.npmjs.org/accepts/-/accepts-1.3.8.tgz 0ms (cache hit)
671 http cache array-flatten@https://registry.npmjs.org/array-flatten/-/array-flatten-1.1.1.tgz 0ms (cache hit)
672 http cache nodemon@https://registry.npmjs.org/nodemon/-/nodemon-3.1.10.tgz 0ms (cache hit)
673 http cache path@https://registry.npmjs.org/path/-/path-0.12.7.tgz 0ms (cache hit)
674 http cache inherits@https://registry.npmjs.org/inherits/-/inherits-2.0.3.tgz 0ms (cache hit)
675 http cache express@https://registry.npmjs.org/express/-/express-4.21.2.tgz 0ms (cache hit)
676 http cache ms@https://registry.npmjs.org/ms/-/ms-2.1.3.tgz 0ms (cache hit)
677 http cache debug@https://registry.npmjs.org/debug/-/debug-4.4.1.tgz 0ms (cache hit)
678 http cache encodeurl@https://registry.npmjs.org/encodeurl/-/encodeurl-1.0.2.tgz 0ms (cache hit)
679 http cache ms@https://registry.npmjs.org/ms/-/ms-2.1.3.tgz 0ms (cache hit)
680 silly tarball no local data for media-typer@https://registry.npmjs.org/media-typer/-/media-typer-0.3.0.tgz. Extracting by manifest.
681 silly tarball no local data for dunder-proto@https://registry.npmjs.org/dunder-proto/-/dunder-proto-1.0.1.tgz. Extracting by manifest.
682 silly tarball no local data for is-number@https://registry.npmjs.org/is-number/-/is-number-7.0.0.tgz. Extracting by manifest.
683 silly tarball no local data for hasown@https://registry.npmjs.org/hasown/-/hasown-2.0.2.tgz. Extracting by manifest.
684 silly tarball no local data for has-flag@https://registry.npmjs.org/has-flag/-/has-flag-3.0.0.tgz. Extracting by manifest.
685 silly tarball no local data for gopd@https://registry.npmjs.org/gopd/-/gopd-1.2.0.tgz. Extracting by manifest.
686 silly tarball no local data for has-symbols@https://registry.npmjs.org/has-symbols/-/has-symbols-1.1.0.tgz. Extracting by manifest.
687 silly tarball no local data for math-intrinsics@https://registry.npmjs.org/math-intrinsics/-/math-intrinsics-1.1.0.tgz. Extracting by manifest.
688 silly tarball no local data for es-object-atoms@https://registry.npmjs.org/es-object-atoms/-/es-object-atoms-1.1.1.tgz. Extracting by manifest.
689 silly tarball no local data for get-proto@https://registry.npmjs.org/get-proto/-/get-proto-1.0.1.tgz. Extracting by manifest.
690 silly tarball no local data for es-define-property@https://registry.npmjs.org/es-define-property/-/es-define-property-1.0.1.tgz. Extracting by manifest.
691 silly tarball no local data for function-bind@https://registry.npmjs.org/function-bind/-/function-bind-1.1.2.tgz. Extracting by manifest.
692 silly tarball no local data for call-bind-apply-helpers@https://registry.npmjs.org/call-bind-apply-helpers/-/call-bind-apply-helpers-1.0.2.tgz. Extracting by manifest.
693 silly tarball no local data for get-intrinsic@https://registry.npmjs.org/get-intrinsic/-/get-intrinsic-1.3.0.tgz. Extracting by manifest.
694 silly tarball no local data for side-channel-weakmap@https://registry.npmjs.org/side-channel-weakmap/-/side-channel-weakmap-1.0.2.tgz. Extracting by manifest.
695 silly tarball no local data for call-bound@https://registry.npmjs.org/call-bound/-/call-bound-1.0.4.tgz. Extracting by manifest.
696 silly tarball no local data for side-channel-map@https://registry.npmjs.org/side-channel-map/-/side-channel-map-1.0.1.tgz. Extracting by manifest.
697 silly tarball no local data for side-channel-list@https://registry.npmjs.org/side-channel-list/-/side-channel-list-1.0.0.tgz. Extracting by manifest.
698 silly tarball no local data for es-errors@https://registry.npmjs.org/es-errors/-/es-errors-1.3.0.tgz. Extracting by manifest.
699 silly tarball no local data for object-inspect@https://registry.npmjs.org/object-inspect/-/object-inspect-1.13.4.tgz. Extracting by manifest.
700 silly tarball no local data for side-channel@https://registry.npmjs.org/side-channel/-/side-channel-1.1.0.tgz. Extracting by manifest.
701 silly tarball no local data for ipaddr.js@https://registry.npmjs.org/ipaddr.js/-/ipaddr.js-1.9.1.tgz. Extracting by manifest.
702 silly tarball no local data for forwarded@https://registry.npmjs.org/forwarded/-/forwarded-0.2.0.tgz. Extracting by manifest.
703 silly tarball no local data for mime@https://registry.npmjs.org/mime/-/mime-1.6.0.tgz. Extracting by manifest.
704 silly tarball no local data for ee-first@https://registry.npmjs.org/ee-first/-/ee-first-1.1.1.tgz. Extracting by manifest.
705 silly tarball no local data for util@https://registry.npmjs.org/util/-/util-0.10.4.tgz. Extracting by manifest.
706 silly tarball no local data for balanced-match@https://registry.npmjs.org/balanced-match/-/balanced-match-1.0.2.tgz. Extracting by manifest.
707 silly tarball no local data for concat-map@https://registry.npmjs.org/concat-map/-/concat-map-0.0.1.tgz. Extracting by manifest.
708 silly tarball no local data for process@https://registry.npmjs.org/process/-/process-0.11.10.tgz. Extracting by manifest.
709 silly tarball no local data for brace-expansion@https://registry.npmjs.org/brace-expansion/-/brace-expansion-1.1.12.tgz. Extracting by manifest.
710 silly tarball no local data for is-extglob@https://registry.npmjs.org/is-extglob/-/is-extglob-2.1.1.tgz. Extracting by manifest.
711 silly tarball no local data for binary-extensions@https://registry.npmjs.org/binary-extensions/-/binary-extensions-2.3.0.tgz. Extracting by manifest.
712 silly tarball no local data for fill-range@https://registry.npmjs.org/fill-range/-/fill-range-7.1.1.tgz. Extracting by manifest.
713 silly tarball no local data for readdirp@https://registry.npmjs.org/readdirp/-/readdirp-3.6.0.tgz. Extracting by manifest.
714 silly tarball no local data for to-regex-range@https://registry.npmjs.org/to-regex-range/-/to-regex-range-5.0.1.tgz. Extracting by manifest.
715 silly tarball no local data for picomatch@https://registry.npmjs.org/picomatch/-/picomatch-2.3.1.tgz. Extracting by manifest.
716 silly tarball no local data for is-glob@https://registry.npmjs.org/is-glob/-/is-glob-4.0.3.tgz. Extracting by manifest.
717 silly tarball no local data for is-binary-path@https://registry.npmjs.org/is-binary-path/-/is-binary-path-2.1.0.tgz. Extracting by manifest.
718 silly tarball no local data for normalize-path@https://registry.npmjs.org/normalize-path/-/normalize-path-3.0.0.tgz. Extracting by manifest.
719 silly tarball no local data for anymatch@https://registry.npmjs.org/anymatch/-/anymatch-3.1.3.tgz. Extracting by manifest.
720 silly tarball no local data for undefsafe@https://registry.npmjs.org/undefsafe/-/undefsafe-2.0.5.tgz. Extracting by manifest.
721 silly tarball no local data for glob-parent@https://registry.npmjs.org/glob-parent/-/glob-parent-5.1.2.tgz. Extracting by manifest.
722 silly tarball no local data for braces@https://registry.npmjs.org/braces/-/braces-3.0.3.tgz. Extracting by manifest.
723 silly tarball no local data for touch@https://registry.npmjs.org/touch/-/touch-3.1.1.tgz. Extracting by manifest.
724 silly tarball no local data for simple-update-notifier@https://registry.npmjs.org/simple-update-notifier/-/simple-update-notifier-2.0.0.tgz. Extracting by manifest.
725 silly tarball no local data for supports-color@https://registry.npmjs.org/supports-color/-/supports-color-5.5.0.tgz. Extracting by manifest.
726 silly tarball no local data for semver@https://registry.npmjs.org/semver/-/semver-7.7.2.tgz. Extracting by manifest.
727 silly tarball no local data for minimatch@https://registry.npmjs.org/minimatch/-/minimatch-3.1.2.tgz. Extracting by manifest.
728 silly tarball no local data for pstree.remy@https://registry.npmjs.org/pstree.remy/-/pstree.remy-1.1.8.tgz. Extracting by manifest.
729 silly tarball no local data for chokidar@https://registry.npmjs.org/chokidar/-/chokidar-3.6.0.tgz. Extracting by manifest.
730 silly tarball no local data for safer-buffer@https://registry.npmjs.org/safer-buffer/-/safer-buffer-2.1.2.tgz. Extracting by manifest.
731 silly tarball no local data for ignore-by-default@https://registry.npmjs.org/ignore-by-default/-/ignore-by-default-1.0.1.tgz. Extracting by manifest.
732 silly tarball no local data for mime-db@https://registry.npmjs.org/mime-db/-/mime-db-1.52.0.tgz. Extracting by manifest.
733 silly tarball no local data for toidentifier@https://registry.npmjs.org/toidentifier/-/toidentifier-1.0.1.tgz. Extracting by manifest.
734 silly tarball no local data for inherits@https://registry.npmjs.org/inherits/-/inherits-2.0.4.tgz. Extracting by manifest.
735 silly tarball no local data for unpipe@https://registry.npmjs.org/unpipe/-/unpipe-1.0.0.tgz. Extracting by manifest.
736 silly tarball no local data for ms@https://registry.npmjs.org/ms/-/ms-2.0.0.tgz. Extracting by manifest.
737 silly tarball no local data for raw-body@https://registry.npmjs.org/raw-body/-/raw-body-2.5.2.tgz. Extracting by manifest.
738 silly tarball no local data for iconv-lite@https://registry.npmjs.org/iconv-lite/-/iconv-lite-0.4.24.tgz. Extracting by manifest.
739 silly tarball no local data for destroy@https://registry.npmjs.org/destroy/-/destroy-1.2.0.tgz. Extracting by manifest.
740 silly tarball no local data for negotiator@https://registry.npmjs.org/negotiator/-/negotiator-0.6.3.tgz. Extracting by manifest.
741 silly tarball no local data for bytes@https://registry.npmjs.org/bytes/-/bytes-3.1.2.tgz. Extracting by manifest.
742 silly tarball no local data for mime-types@https://registry.npmjs.org/mime-types/-/mime-types-2.1.35.tgz. Extracting by manifest.
743 silly tarball no local data for vary@https://registry.npmjs.org/vary/-/vary-1.1.2.tgz. Extracting by manifest.
744 silly tarball no local data for utils-merge@https://registry.npmjs.org/utils-merge/-/utils-merge-1.0.1.tgz. Extracting by manifest.
745 silly tarball no local data for statuses@https://registry.npmjs.org/statuses/-/statuses-2.0.1.tgz. Extracting by manifest.
746 silly tarball no local data for setprototypeof@https://registry.npmjs.org/setprototypeof/-/setprototypeof-1.2.0.tgz. Extracting by manifest.
747 silly tarball no local data for type-is@https://registry.npmjs.org/type-is/-/type-is-1.6.18.tgz. Extracting by manifest.
748 silly tarball no local data for send@https://registry.npmjs.org/send/-/send-0.19.0.tgz. Extracting by manifest.
749 silly tarball no local data for safe-buffer@https://registry.npmjs.org/safe-buffer/-/safe-buffer-5.2.1.tgz. Extracting by manifest.
750 silly tarball no local data for range-parser@https://registry.npmjs.org/range-parser/-/range-parser-1.2.1.tgz. Extracting by manifest.
751 silly tarball no local data for qs@https://registry.npmjs.org/qs/-/qs-6.13.0.tgz. Extracting by manifest.
752 silly tarball no local data for proxy-addr@https://registry.npmjs.org/proxy-addr/-/proxy-addr-2.0.7.tgz. Extracting by manifest.
753 silly tarball no local data for serve-static@https://registry.npmjs.org/serve-static/-/serve-static-1.16.2.tgz. Extracting by manifest.
754 silly tarball no local data for path-to-regexp@https://registry.npmjs.org/path-to-regexp/-/path-to-regexp-0.1.12.tgz. Extracting by manifest.
755 silly tarball no local data for parseurl@https://registry.npmjs.org/parseurl/-/parseurl-1.3.3.tgz. Extracting by manifest.
756 silly tarball no local data for http-errors@https://registry.npmjs.org/http-errors/-/http-errors-2.0.0.tgz. Extracting by manifest.
757 silly tarball no local data for on-finished@https://registry.npmjs.org/on-finished/-/on-finished-2.4.1.tgz. Extracting by manifest.
758 silly tarball no local data for merge-descriptors@https://registry.npmjs.org/merge-descriptors/-/merge-descriptors-1.0.3.tgz. Extracting by manifest.
759 silly tarball no local data for methods@https://registry.npmjs.org/methods/-/methods-1.1.2.tgz. Extracting by manifest.
760 silly tarball no local data for fresh@https://registry.npmjs.org/fresh/-/fresh-0.5.2.tgz. Extracting by manifest.
761 silly tarball no local data for encodeurl@https://registry.npmjs.org/encodeurl/-/encodeurl-2.0.0.tgz. Extracting by manifest.
762 silly tarball no local data for depd@https://registry.npmjs.org/depd/-/depd-2.0.0.tgz. Extracting by manifest.
763 silly tarball no local data for etag@https://registry.npmjs.org/etag/-/etag-1.8.1.tgz. Extracting by manifest.
764 silly tarball no local data for finalhandler@https://registry.npmjs.org/finalhandler/-/finalhandler-1.3.1.tgz. Extracting by manifest.
765 silly tarball no local data for cookie@https://registry.npmjs.org/cookie/-/cookie-0.7.1.tgz. Extracting by manifest.
766 silly tarball no local data for escape-html@https://registry.npmjs.org/escape-html/-/escape-html-1.0.3.tgz. Extracting by manifest.
767 silly tarball no local data for cookie-signature@https://registry.npmjs.org/cookie-signature/-/cookie-signature-1.0.6.tgz. Extracting by manifest.
768 silly tarball no local data for debug@https://registry.npmjs.org/debug/-/debug-2.6.9.tgz. Extracting by manifest.
769 silly tarball no local data for content-type@https://registry.npmjs.org/content-type/-/content-type-1.0.5.tgz. Extracting by manifest.
770 silly tarball no local data for content-disposition@https://registry.npmjs.org/content-disposition/-/content-disposition-0.5.4.tgz. Extracting by manifest.
771 silly tarball no local data for body-parser@https://registry.npmjs.org/body-parser/-/body-parser-1.20.3.tgz. Extracting by manifest.
772 silly tarball no local data for accepts@https://registry.npmjs.org/accepts/-/accepts-1.3.8.tgz. Extracting by manifest.
773 silly tarball no local data for array-flatten@https://registry.npmjs.org/array-flatten/-/array-flatten-1.1.1.tgz. Extracting by manifest.
774 silly tarball no local data for nodemon@https://registry.npmjs.org/nodemon/-/nodemon-3.1.10.tgz. Extracting by manifest.
775 silly tarball no local data for path@https://registry.npmjs.org/path/-/path-0.12.7.tgz. Extracting by manifest.
776 silly tarball no local data for inherits@https://registry.npmjs.org/inherits/-/inherits-2.0.3.tgz. Extracting by manifest.
777 silly tarball no local data for express@https://registry.npmjs.org/express/-/express-4.21.2.tgz. Extracting by manifest.
778 silly tarball no local data for ms@https://registry.npmjs.org/ms/-/ms-2.1.3.tgz. Extracting by manifest.
779 silly tarball no local data for debug@https://registry.npmjs.org/debug/-/debug-4.4.1.tgz. Extracting by manifest.
780 silly tarball no local data for encodeurl@https://registry.npmjs.org/encodeurl/-/encodeurl-1.0.2.tgz. Extracting by manifest.
781 silly tarball no local data for ms@https://registry.npmjs.org/ms/-/ms-2.1.3.tgz. Extracting by manifest.
782 http fetch GET 200 https://registry.npmjs.org/dunder-proto/-/dunder-proto-1.0.1.tgz 122ms (cache miss)
783 http fetch GET 200 https://registry.npmjs.org/has-flag/-/has-flag-3.0.0.tgz 123ms (cache miss)
784 http fetch GET 200 https://registry.npmjs.org/es-define-property/-/es-define-property-1.0.1.tgz 122ms (cache miss)
785 http fetch GET 200 https://registry.npmjs.org/is-number/-/is-number-7.0.0.tgz 125ms (cache miss)
786 http fetch GET 200 https://registry.npmjs.org/media-typer/-/media-typer-0.3.0.tgz 127ms (cache miss)
787 http fetch GET 200 https://registry.npmjs.org/get-intrinsic/-/get-intrinsic-1.3.0.tgz 127ms (cache miss)
788 http fetch GET 200 https://registry.npmjs.org/side-channel-weakmap/-/side-channel-weakmap-1.0.2.tgz 131ms (cache miss)
789 http fetch GET 200 https://registry.npmjs.org/hasown/-/hasown-2.0.2.tgz 137ms (cache miss)
790 http fetch GET 200 https://registry.npmjs.org/gopd/-/gopd-1.2.0.tgz 151ms (cache miss)
791 http fetch GET 200 https://registry.npmjs.org/function-bind/-/function-bind-1.1.2.tgz 153ms (cache miss)
792 http fetch GET 200 https://registry.npmjs.org/side-channel-list/-/side-channel-list-1.0.0.tgz 165ms (cache miss)
793 http fetch GET 200 https://registry.npmjs.org/call-bound/-/call-bound-1.0.4.tgz 167ms (cache miss)
794 http fetch GET 200 https://registry.npmjs.org/ee-first/-/ee-first-1.1.1.tgz 166ms (cache miss)
795 http fetch GET 200 https://registry.npmjs.org/get-proto/-/get-proto-1.0.1.tgz 169ms (cache miss)
796 http fetch GET 200 https://registry.npmjs.org/mime/-/mime-1.6.0.tgz 167ms (cache miss)
797 http fetch GET 200 https://registry.npmjs.org/has-symbols/-/has-symbols-1.1.0.tgz 170ms (cache miss)
798 http fetch GET 200 https://registry.npmjs.org/es-object-atoms/-/es-object-atoms-1.1.1.tgz 171ms (cache miss)
799 http fetch GET 200 https://registry.npmjs.org/forwarded/-/forwarded-0.2.0.tgz 171ms (cache miss)
800 http fetch GET 200 https://registry.npmjs.org/ipaddr.js/-/ipaddr.js-1.9.1.tgz 177ms (cache miss)
801 http fetch GET 200 https://registry.npmjs.org/util/-/util-0.10.4.tgz 177ms (cache miss)
802 http fetch GET 200 https://registry.npmjs.org/process/-/process-0.11.10.tgz 180ms (cache miss)
803 http fetch GET 200 https://registry.npmjs.org/call-bind-apply-helpers/-/call-bind-apply-helpers-1.0.2.tgz 186ms (cache miss)
804 http fetch GET 200 https://registry.npmjs.org/balanced-match/-/balanced-match-1.0.2.tgz 185ms (cache miss)
805 http fetch GET 200 https://registry.npmjs.org/side-channel-map/-/side-channel-map-1.0.1.tgz 189ms (cache miss)
806 http fetch GET 200 https://registry.npmjs.org/side-channel/-/side-channel-1.1.0.tgz 189ms (cache miss)
807 http fetch GET 200 https://registry.npmjs.org/binary-extensions/-/binary-extensions-2.3.0.tgz 207ms (cache miss)
808 http fetch GET 200 https://registry.npmjs.org/concat-map/-/concat-map-0.0.1.tgz 209ms (cache miss)
809 http fetch GET 200 https://registry.npmjs.org/is-extglob/-/is-extglob-2.1.1.tgz 213ms (cache miss)
810 http fetch GET 200 https://registry.npmjs.org/readdirp/-/readdirp-3.6.0.tgz 217ms (cache miss)
811 http fetch POST 200 https://registry.npmjs.org/-/npm/v1/security/advisories/bulk 251ms
812 silly audit report {}
813 http fetch GET 200 https://registry.npmjs.org/brace-expansion/-/brace-expansion-1.1.12.tgz 219ms (cache miss)
814 http fetch GET 200 https://registry.npmjs.org/fill-range/-/fill-range-7.1.1.tgz 225ms (cache miss)
815 http fetch GET 200 https://registry.npmjs.org/is-glob/-/is-glob-4.0.3.tgz 225ms (cache miss)
816 http fetch GET 200 https://registry.npmjs.org/es-errors/-/es-errors-1.3.0.tgz 232ms (cache miss)
817 http fetch GET 200 https://registry.npmjs.org/is-binary-path/-/is-binary-path-2.1.0.tgz 228ms (cache miss)
818 http fetch GET 200 https://registry.npmjs.org/to-regex-range/-/to-regex-range-5.0.1.tgz 230ms (cache miss)
819 http fetch GET 200 https://registry.npmjs.org/normalize-path/-/normalize-path-3.0.0.tgz 230ms (cache miss)
820 http fetch GET 200 https://registry.npmjs.org/anymatch/-/anymatch-3.1.3.tgz 230ms (cache miss)
821 http fetch GET 200 https://registry.npmjs.org/math-intrinsics/-/math-intrinsics-1.1.0.tgz 238ms (cache miss)
822 http fetch GET 200 https://registry.npmjs.org/undefsafe/-/undefsafe-2.0.5.tgz 232ms (cache miss)
823 http fetch GET 200 https://registry.npmjs.org/picomatch/-/picomatch-2.3.1.tgz 234ms (cache miss)
824 http fetch GET 200 https://registry.npmjs.org/braces/-/braces-3.0.3.tgz 252ms (cache miss)
825 http fetch GET 200 https://registry.npmjs.org/glob-parent/-/glob-parent-5.1.2.tgz 254ms (cache miss)
826 http fetch GET 200 https://registry.npmjs.org/minimatch/-/minimatch-3.1.2.tgz 254ms (cache miss)
827 http fetch GET 200 https://registry.npmjs.org/simple-update-notifier/-/simple-update-notifier-2.0.0.tgz 257ms (cache miss)
828 http fetch GET 200 https://registry.npmjs.org/touch/-/touch-3.1.1.tgz 258ms (cache miss)
829 http fetch GET 200 https://registry.npmjs.org/supports-color/-/supports-color-5.5.0.tgz 261ms (cache miss)
830 http fetch GET 200 https://registry.npmjs.org/object-inspect/-/object-inspect-1.13.4.tgz 274ms (cache miss)
831 http fetch GET 200 https://registry.npmjs.org/toidentifier/-/toidentifier-1.0.1.tgz 309ms (cache miss)
832 http fetch GET 200 https://registry.npmjs.org/ignore-by-default/-/ignore-by-default-1.0.1.tgz 314ms (cache miss)
833 http fetch GET 200 https://registry.npmjs.org/inherits/-/inherits-2.0.4.tgz 329ms (cache miss)
834 http fetch GET 200 https://registry.npmjs.org/safer-buffer/-/safer-buffer-2.1.2.tgz 352ms (cache miss)
835 http fetch GET 200 https://registry.npmjs.org/unpipe/-/unpipe-1.0.0.tgz 359ms (cache miss)
836 http fetch GET 200 https://registry.npmjs.org/destroy/-/destroy-1.2.0.tgz 360ms (cache miss)
837 http fetch GET 200 https://registry.npmjs.org/negotiator/-/negotiator-0.6.3.tgz 361ms (cache miss)
838 http fetch GET 200 https://registry.npmjs.org/bytes/-/bytes-3.1.2.tgz 361ms (cache miss)
839 http fetch GET 200 https://registry.npmjs.org/ms/-/ms-2.0.0.tgz 362ms (cache miss)
840 http fetch GET 200 https://registry.npmjs.org/mime-types/-/mime-types-2.1.35.tgz 362ms (cache miss)
841 http fetch GET 200 https://registry.npmjs.org/mime-db/-/mime-db-1.52.0.tgz 370ms (cache miss)
842 http fetch GET 200 https://registry.npmjs.org/vary/-/vary-1.1.2.tgz 386ms (cache miss)
843 http fetch GET 200 https://registry.npmjs.org/utils-merge/-/utils-merge-1.0.1.tgz 391ms (cache miss)
844 http fetch GET 200 https://registry.npmjs.org/range-parser/-/range-parser-1.2.1.tgz 399ms (cache miss)
845 http fetch GET 200 https://registry.npmjs.org/setprototypeof/-/setprototypeof-1.2.0.tgz 401ms (cache miss)
846 http fetch GET 200 https://registry.npmjs.org/safe-buffer/-/safe-buffer-5.2.1.tgz 406ms (cache miss)
847 http fetch GET 200 https://registry.npmjs.org/type-is/-/type-is-1.6.18.tgz 408ms (cache miss)
848 http fetch GET 200 https://registry.npmjs.org/raw-body/-/raw-body-2.5.2.tgz 417ms (cache miss)
849 http fetch GET 200 https://registry.npmjs.org/pstree.remy/-/pstree.remy-1.1.8.tgz 420ms (cache miss)
850 http fetch GET 200 https://registry.npmjs.org/send/-/send-0.19.0.tgz 430ms (cache miss)
851 http fetch GET 200 https://registry.npmjs.org/statuses/-/statuses-2.0.1.tgz 432ms (cache miss)
852 http fetch GET 200 https://registry.npmjs.org/serve-static/-/serve-static-1.16.2.tgz 436ms (cache miss)
853 http fetch GET 200 https://registry.npmjs.org/parseurl/-/parseurl-1.3.3.tgz 436ms (cache miss)
854 http fetch GET 200 https://registry.npmjs.org/chokidar/-/chokidar-3.6.0.tgz 442ms (cache miss)
855 http fetch GET 200 https://registry.npmjs.org/path-to-regexp/-/path-to-regexp-0.1.12.tgz 440ms (cache miss)
856 http fetch GET 200 https://registry.npmjs.org/proxy-addr/-/proxy-addr-2.0.7.tgz 447ms (cache miss)
857 http fetch GET 200 https://registry.npmjs.org/http-errors/-/http-errors-2.0.0.tgz 455ms (cache miss)
858 http fetch GET 200 https://registry.npmjs.org/cookie/-/cookie-0.7.1.tgz 454ms (cache miss)
859 http fetch GET 200 https://registry.npmjs.org/on-finished/-/on-finished-2.4.1.tgz 456ms (cache miss)
860 http fetch GET 200 https://registry.npmjs.org/methods/-/methods-1.1.2.tgz 457ms (cache miss)
861 http fetch GET 200 https://registry.npmjs.org/merge-descriptors/-/merge-descriptors-1.0.3.tgz 457ms (cache miss)
862 http fetch GET 200 https://registry.npmjs.org/etag/-/etag-1.8.1.tgz 456ms (cache miss)
863 http fetch GET 200 https://registry.npmjs.org/fresh/-/fresh-0.5.2.tgz 471ms (cache miss)
864 http fetch GET 200 https://registry.npmjs.org/cookie-signature/-/cookie-signature-1.0.6.tgz 473ms (cache miss)
865 http fetch GET 200 https://registry.npmjs.org/encodeurl/-/encodeurl-2.0.0.tgz 476ms (cache miss)
866 http fetch GET 200 https://registry.npmjs.org/content-disposition/-/content-disposition-0.5.4.tgz 483ms (cache miss)
867 http fetch GET 200 https://registry.npmjs.org/escape-html/-/escape-html-1.0.3.tgz 484ms (cache miss)
868 http fetch GET 200 https://registry.npmjs.org/content-type/-/content-type-1.0.5.tgz 489ms (cache miss)
869 http fetch GET 200 https://registry.npmjs.org/finalhandler/-/finalhandler-1.3.1.tgz 494ms (cache miss)
870 http fetch GET 200 https://registry.npmjs.org/inherits/-/inherits-2.0.3.tgz 493ms (cache miss)
871 http fetch GET 200 https://registry.npmjs.org/array-flatten/-/array-flatten-1.1.1.tgz 494ms (cache miss)
872 http fetch GET 200 https://registry.npmjs.org/accepts/-/accepts-1.3.8.tgz 495ms (cache miss)
873 http fetch GET 200 https://registry.npmjs.org/depd/-/depd-2.0.0.tgz 497ms (cache miss)
874 http fetch GET 200 https://registry.npmjs.org/ms/-/ms-2.1.3.tgz 500ms (cache miss)
875 http fetch GET 200 https://registry.npmjs.org/ms/-/ms-2.1.3.tgz 503ms (cache miss)
876 http fetch GET 200 https://registry.npmjs.org/path/-/path-0.12.7.tgz 506ms (cache miss)
877 http fetch GET 200 https://registry.npmjs.org/encodeurl/-/encodeurl-1.0.2.tgz 510ms (cache miss)
878 http fetch GET 200 https://registry.npmjs.org/debug/-/debug-4.4.1.tgz 521ms (cache miss)
879 http fetch GET 200 https://registry.npmjs.org/body-parser/-/body-parser-1.20.3.tgz 527ms (cache miss)
880 http fetch GET 200 https://registry.npmjs.org/debug/-/debug-2.6.9.tgz 543ms (cache miss)
881 http fetch GET 200 https://registry.npmjs.org/qs/-/qs-6.13.0.tgz 549ms (cache miss)
882 http fetch GET 200 https://registry.npmjs.org/express/-/express-4.21.2.tgz 555ms (cache miss)
883 http fetch GET 200 https://registry.npmjs.org/iconv-lite/-/iconv-lite-0.4.24.tgz 569ms (cache miss)
884 http fetch GET 200 https://registry.npmjs.org/semver/-/semver-7.7.2.tgz 582ms (cache miss)
885 http fetch GET 200 https://registry.npmjs.org/nodemon/-/nodemon-3.1.10.tgz 603ms (cache miss)
886 silly ADD node_modules/media-typer
887 silly ADD node_modules/is-number
888 silly ADD node_modules/has-flag
889 silly ADD node_modules/dunder-proto
890 silly ADD node_modules/math-intrinsics
891 silly ADD node_modules/hasown
892 silly ADD node_modules/has-symbols
893 silly ADD node_modules/gopd
894 silly ADD node_modules/get-proto
895 silly ADD node_modules/es-object-atoms
896 silly ADD node_modules/es-define-property
897 silly ADD node_modules/function-bind
898 silly ADD node_modules/call-bind-apply-helpers
899 silly ADD node_modules/get-intrinsic
900 silly ADD node_modules/call-bound
901 silly ADD node_modules/side-channel-weakmap
902 silly ADD node_modules/side-channel-map
903 silly ADD node_modules/side-channel-list
904 silly ADD node_modules/object-inspect
905 silly ADD node_modules/es-errors
906 silly ADD node_modules/mime
907 silly ADD node_modules/side-channel
908 silly ADD node_modules/ipaddr.js
909 silly ADD node_modules/forwarded
910 silly ADD node_modules/util
911 silly ADD node_modules/util/node_modules/inherits
912 silly ADD node_modules/process
913 silly ADD node_modules/ee-first
914 silly ADD node_modules/concat-map
915 silly ADD node_modules/balanced-match
916 silly ADD node_modules/brace-expansion
917 silly ADD node_modules/is-extglob
918 silly ADD node_modules/binary-extensions
919 silly ADD node_modules/to-regex-range
920 silly ADD node_modules/fill-range
921 silly ADD node_modules/picomatch
922 silly ADD node_modules/readdirp
923 silly ADD node_modules/normalize-path
924 silly ADD node_modules/is-glob
925 silly ADD node_modules/is-binary-path
926 silly ADD node_modules/glob-parent
927 silly ADD
928 silly ADD node_modules/braces
929 silly ADD node_modules/anymatch
930 silly ADD node_modules/undefsafe
931 silly ADD node_modules/touch
932 silly ADD node_modules/supports-color
933 silly ADD node_modules/simple-update-notifier
934 silly ADD node_modules/semver
935 silly ADD node_modules/pstree.remy
936 silly ADD node_modules/minimatch
937 silly ADD node_modules/ignore-by-default
938 silly ADD node_modules/chokidar
939 silly ADD node_modules/mime-db
940 silly ADD node_modules/safer-buffer
941 silly ADD node_modules/toidentifier
942 silly ADD node_modules/inherits
943 silly ADD node_modules/ms
944 silly ADD node_modules/unpipe
945 silly ADD node_modules/raw-body
946 silly ADD node_modules/iconv-lite
947 silly ADD node_modules/destroy
948 silly ADD node_modules/bytes
949 silly ADD node_modules/negotiator
950 silly ADD node_modules/mime-types
951 silly ADD node_modules/vary
952 silly ADD node_modules/utils-merge
953 silly ADD node_modules/type-is
954 silly ADD node_modules/statuses
955 silly ADD node_modules/setprototypeof
956 silly ADD node_modules/serve-static
957 silly ADD node_modules/send
958 silly ADD node_modules/send/node_modules/ms
959 silly ADD node_modules/send/node_modules/encodeurl
960 silly ADD node_modules/safe-buffer
961 silly ADD node_modules/range-parser
962 silly ADD node_modules/qs
963 silly ADD node_modules/proxy-addr
964 silly ADD node_modules/path-to-regexp
965 silly ADD node_modules/parseurl
966 silly ADD node_modules/on-finished
967 silly ADD node_modules/methods
968 silly ADD node_modules/merge-descriptors
969 silly ADD node_modules/http-errors
970 silly ADD node_modules/fresh
971 silly ADD node_modules/finalhandler
972 silly ADD node_modules/etag
973 silly ADD node_modules/escape-html
974 silly ADD node_modules/encodeurl
975 silly ADD node_modules/depd
976 silly ADD node_modules/debug
977 silly ADD node_modules/cookie-signature
978 silly ADD node_modules/cookie
979 silly ADD node_modules/content-type
980 silly ADD node_modules/content-disposition
981 silly ADD node_modules/body-parser
982 silly ADD node_modules/array-flatten
983 silly ADD node_modules/accepts
984 silly ADD node_modules/path
985 silly ADD node_modules/nodemon
986 silly ADD node_modules/nodemon/node_modules/ms
987 silly ADD node_modules/nodemon/node_modules/debug
988 silly ADD node_modules/express
989 verbose cwd C:\Users\d9955\Desktop\webappKarmaSystem\WebKarmaApp
990 verbose os Windows_NT 10.0.26100
991 verbose node v22.18.0
992 verbose npm  v10.9.3
993 notice
993 notice New [31mmajor[39m version of npm available! [31m10.9.3[39m -> [34m11.5.2[39m
993 notice Changelog: [34mhttps://github.com/npm/cli/releases/tag/v11.5.2[39m
993 notice To update run: [4mnpm install -g npm@11.5.2[24m
993 notice  { force: true, [Symbol(proc-log.meta)]: true }
994 verbose exit 0
995 info ok
